

Microchip Technology PIC LITE Macro Assembler V1.44 build -154322312 
                                                                                               Sun Dec 24 22:05:42 2017

Microchip Technology Omniscient Code Generator v1.44 (Free mode) build 201709140600
     1                           	processor	16F84A
     2                           	opt	pw 120
     3                           	opt	lm
     4                           	psect	cinit,global,class=CODE,merge=1,delta=2
     5                           	psect	bssBANK0,global,class=BANK0,space=1,delta=1
     6                           	psect	cstackCOMMON,global,class=COMMON,space=1,delta=1
     7                           	psect	cstackBANK0,global,class=BANK0,space=1,delta=1
     8                           	psect	maintext,global,class=CODE,split=1,delta=2
     9                           	psect	text1,local,class=CODE,merge=1,delta=2
    10                           	psect	text2,local,class=CODE,merge=1,delta=2
    11                           	psect	text3,local,class=CODE,merge=1,delta=2
    12                           	psect	intentry,global,class=CODE,delta=2
    13                           	psect	swtext1,local,class=CONST,delta=2
    14                           	psect	text4,local,class=CODE,merge=1,delta=2,group=2
    15                           	dabs	1,0x4E,2
    16  0000                     
    17                           ; Version 1.44
    18                           ; Generated 14/09/2017 GMT
    19                           ; 
    20                           ; Copyright © 2017, Microchip Technology Inc. and its subsidiaries ("Microchip")
    21                           ; All rights reserved.
    22                           ; 
    23                           ; This software is developed by Microchip Technology Inc. and its subsidiaries ("Microch
      +                          ip").
    24                           ; 
    25                           ; Redistribution and use in source and binary forms, with or without modification, are
    26                           ; permitted provided that the following conditions are met:
    27                           ; 
    28                           ;     1. Redistributions of source code must retain the above copyright notice, this lis
      +                          t of
    29                           ;        conditions and the following disclaimer.
    30                           ; 
    31                           ;     2. Redistributions in binary form must reproduce the above copyright notice, this 
      +                          list
    32                           ;        of conditions and the following disclaimer in the documentation and/or other
    33                           ;        materials provided with the distribution.
    34                           ; 
    35                           ;     3. Microchip's name may not be used to endorse or promote products derived from th
      +                          is
    36                           ;        software without specific prior written permission.
    37                           ; 
    38                           ; THIS SOFTWARE IS PROVIDED BY MICROCHIP "AS IS" AND ANY EXPRESS OR IMPLIED WARRANTIES,
    39                           ; INCLUDING, BUT NOT LIMITED TO, THE IMPLIED WARRANTIES OF MERCHANTABILITY AND FITNESS F
      +                          OR
    40                           ; PURPOSE ARE DISCLAIMED.  IN NO EVENT SHALL MICROCHIP BE LIABLE FOR ANY DIRECT, INDIREC
      +                          T,
    41                           ; INCIDENTAL, SPECIAL, EXEMPLARY, OR CONSEQUENTIAL DAMAGES (INCLUDING BUT NOT LIMITED TO
    42                           ; PROCUREMENT OF SUBSTITUTE GOODS OR SERVICES; LOSS OF USE, DATA OR PROFITS; OR BUSINESS
    43                           ; INTERRUPTION) HOWSOEVER CAUSED AND ON ANY THEORY OF LIABILITY, WHETHER IN CONTRACT, ST
      +                          RICT
    44                           ; LIABILITY, OR TORT (INCLUDING NEGLIGENCE OR OTHERWISE) ARISING IN ANY WAY OUT OF THE U
      +                          SE OF
    45                           ; THIS SOFTWARE, EVEN IF ADVISED OF THE POSSIBILITY OF SUCH DAMAGE.
    46                           ; 
    47                           ; 
    48                           ; Code-generator required, PIC16F84A Definitions
    49                           ; 
    50                           ; SFR Addresses
    51  0000                     	;# 
    52  0001                     	;# 
    53  0002                     	;# 
    54  0003                     	;# 
    55  0004                     	;# 
    56  0005                     	;# 
    57  0006                     	;# 
    58  0008                     	;# 
    59  0009                     	;# 
    60  000A                     	;# 
    61  000B                     	;# 
    62  0081                     	;# 
    63  0085                     	;# 
    64  0086                     	;# 
    65  0088                     	;# 
    66  0089                     	;# 
    67  0001                     _TMR0	set	1
    68  000B                     _INTCON	set	11
    69  0006                     _PORTBbits	set	6
    70  0005                     _PORTAbits	set	5
    71  002A                     _RA2	set	42
    72  005A                     _T0IF	set	90
    73  0081                     _OPTION_REG	set	129
    74  0086                     _TRISB	set	134
    75  0085                     _TRISA	set	133
    76                           
    77                           ; #config settings
    78  0000                     
    79                           	psect	cinit
    80  0010                     start_initialization:	
    81  0010                     __initialization:	
    82                           
    83                           ; Clear objects allocated to BANK0
    84  0010  1283               	bcf	3,5	;RP0=0, select bank0
    85  0011  0197               	clrf	__pbssBANK0& (0+127)
    86  0012  0198               	clrf	(__pbssBANK0+1)& (0+127)
    87  0013                     end_of_initialization:	
    88                           ;End of C runtime variable initialization code
    89                           
    90  0013                     __end_of__initialization:	
    91  0013  0183               	clrf	3
    92  0014  28C2               	ljmp	_main	;jump to C main() function
    93                           
    94                           	psect	bssBANK0
    95  0017                     __pbssBANK0:	
    96  0017                     _TIM0_count:	
    97  0017                     	ds	2
    98                           
    99                           	psect	cstackCOMMON
   100  0000                     __pcstackCOMMON:	
   101  0000                     ??_timer_init:	
   102  0000                     ??_main:	
   103                           ; 1 bytes @ 0x0
   104                           
   105                           
   106                           	psect	cstackBANK0
   107  000C                     __pcstackBANK0:	
   108                           ; 1 bytes @ 0x0
   109                           
   110  000C                     ?_timer0:	
   111  000C                     ?_Port_Init:	
   112                           ; 1 bytes @ 0x0
   113                           
   114  000C                     ?_timer_init:	
   115                           ; 1 bytes @ 0x0
   116                           
   117  000C                     ?_main:	
   118                           ; 1 bytes @ 0x0
   119                           
   120  000C                     ?___lwmod:	
   121                           ; 1 bytes @ 0x0
   122                           
   123  000C                     ___lwmod@divisor:	
   124                           ; 2 bytes @ 0x0
   125                           
   126                           
   127                           ; 2 bytes @ 0x0
   128  000C                     	ds	2
   129  000E                     ___lwmod@dividend:	
   130                           
   131                           ; 2 bytes @ 0x2
   132  000E                     	ds	2
   133  0010                     ??___lwmod:	
   134                           
   135                           ; 1 bytes @ 0x4
   136  0010                     	ds	1
   137  0011                     ___lwmod@counter:	
   138                           
   139                           ; 1 bytes @ 0x5
   140  0011                     	ds	1
   141  0012                     ??_timer0:	
   142                           
   143                           ; 1 bytes @ 0x6
   144  0012                     	ds	4
   145  0016                     ??_Port_Init:	
   146                           
   147                           ; 1 bytes @ 0xA
   148  0016                     	ds	1
   149                           
   150                           	psect	maintext
   151  00C2                     __pmaintext:	
   152 ;;
   153 ;;Main: autosize = 0, tempsize = 0, incstack = 0, save=0
   154 ;;
   155 ;; *************** function _main *****************
   156 ;; Defined at:
   157 ;;		line 219 in file "main.c"
   158 ;; Parameters:    Size  Location     Type
   159 ;;		None
   160 ;; Auto vars:     Size  Location     Type
   161 ;;		None
   162 ;; Return value:  Size  Location     Type
   163 ;;                  1    wreg      void 
   164 ;; Registers used:
   165 ;;		wreg, status,2, status,0, pclath, cstack
   166 ;; Tracked objects:
   167 ;;		On entry : B00/0
   168 ;;		On exit  : 0/0
   169 ;;		Unchanged: 0/0
   170 ;; Data sizes:     COMMON   BANK0
   171 ;;      Params:         0       0
   172 ;;      Locals:         0       0
   173 ;;      Temps:          0       0
   174 ;;      Totals:         0       0
   175 ;;Total ram usage:        0 bytes
   176 ;; Hardware stack levels required when called:    3
   177 ;; This function calls:
   178 ;;		_Port_Init
   179 ;;		_timer_init
   180 ;; This function is called by:
   181 ;;		Startup code after reset
   182 ;; This function uses a non-reentrant model
   183 ;;
   184                           
   185                           
   186                           ;psect for function _main
   187  00C2                     _main:	
   188                           
   189                           ;main.c: 220: Port_Init();
   190                           
   191                           ;incstack = 0
   192                           ; Regs used in _main: [wreg+status,2+status,0+pclath+cstack]
   193  00C2  209C               	fcall	_Port_Init
   194                           
   195                           ;main.c: 221: timer_init();
   196  00C3  20BA               	fcall	_timer_init
   197  00C4                     l57:	
   198                           ;main.c: 224: while(1)
   199                           
   200                           
   201                           ;main.c: 225: {
   202  00C4  28C4               	goto	l57
   203  00C5                     __end_of_main:	
   204                           
   205                           	psect	text1
   206  00BA                     __ptext1:	
   207 ;; *************** function _timer_init *****************
   208 ;; Defined at:
   209 ;;		line 173 in file "main.c"
   210 ;; Parameters:    Size  Location     Type
   211 ;;		None
   212 ;; Auto vars:     Size  Location     Type
   213 ;;		None
   214 ;; Return value:  Size  Location     Type
   215 ;;                  1    wreg      void 
   216 ;; Registers used:
   217 ;;		wreg, status,2
   218 ;; Tracked objects:
   219 ;;		On entry : 0/0
   220 ;;		On exit  : 0/0
   221 ;;		Unchanged: 0/0
   222 ;; Data sizes:     COMMON   BANK0
   223 ;;      Params:         0       0
   224 ;;      Locals:         0       0
   225 ;;      Temps:          0       0
   226 ;;      Totals:         0       0
   227 ;;Total ram usage:        0 bytes
   228 ;; Hardware stack levels used:    1
   229 ;; Hardware stack levels required when called:    2
   230 ;; This function calls:
   231 ;;		Nothing
   232 ;; This function is called by:
   233 ;;		_main
   234 ;; This function uses a non-reentrant model
   235 ;;
   236                           
   237                           
   238                           ;psect for function _timer_init
   239  00BA                     _timer_init:	
   240                           
   241                           ;main.c: 177: OPTION_REG=(1<<2)|(1<<1)|(1<<0);
   242                           
   243                           ;incstack = 0
   244                           ; Regs used in _timer_init: [wreg+status,2]
   245  00BA  3007               	movlw	7
   246  00BB  1683               	bsf	3,5	;RP0=1, select bank1
   247  00BC  0081               	movwf	1	;volatile
   248                           
   249                           ;main.c: 190: INTCON=(1<<7)|(1<<5);
   250  00BD  30A0               	movlw	160
   251  00BE  008B               	movwf	11	;volatile
   252                           
   253                           ;main.c: 192: TMR0=0;
   254  00BF  1283               	bcf	3,5	;RP0=0, select bank0
   255  00C0  0181               	clrf	1	;volatile
   256  00C1  0008               	return
   257  00C2                     __end_of_timer_init:	
   258                           
   259                           	psect	text2
   260  009C                     __ptext2:	
   261 ;; *************** function _Port_Init *****************
   262 ;; Defined at:
   263 ;;		line 151 in file "main.c"
   264 ;; Parameters:    Size  Location     Type
   265 ;;		None
   266 ;; Auto vars:     Size  Location     Type
   267 ;;		None
   268 ;; Return value:  Size  Location     Type
   269 ;;                  1    wreg      void 
   270 ;; Registers used:
   271 ;;		wreg, status,2, status,0
   272 ;; Tracked objects:
   273 ;;		On entry : 0/0
   274 ;;		On exit  : 0/0
   275 ;;		Unchanged: 0/0
   276 ;; Data sizes:     COMMON   BANK0
   277 ;;      Params:         0       0
   278 ;;      Locals:         0       0
   279 ;;      Temps:          0       1
   280 ;;      Totals:         0       1
   281 ;;Total ram usage:        1 bytes
   282 ;; Hardware stack levels used:    1
   283 ;; Hardware stack levels required when called:    2
   284 ;; This function calls:
   285 ;;		Nothing
   286 ;; This function is called by:
   287 ;;		_main
   288 ;; This function uses a non-reentrant model
   289 ;;
   290                           
   291                           
   292                           ;psect for function _Port_Init
   293  009C                     _Port_Init:	
   294                           
   295                           ;main.c: 153: TRISA&=~((1<<0)|(1<<1));
   296                           
   297                           ;incstack = 0
   298                           ; Regs used in _Port_Init: [wreg+status,2+status,0]
   299  009C  30FC               	movlw	252
   300  009D  1283               	bcf	3,5	;RP0=0, select bank0
   301  009E  0096               	movwf	??_Port_Init
   302  009F  0816               	movf	??_Port_Init,w
   303  00A0  1683               	bsf	3,5	;RP0=1, select bank1
   304  00A1  0585               	andwf	5,f	;volatile
   305                           
   306                           ;main.c: 154: TRISA|=(1<<2);
   307  00A2  1505               	bsf	5,2	;volatile
   308                           
   309                           ;main.c: 156: TRISB=0x00;
   310  00A3  0186               	clrf	6	;volatile
   311                           
   312                           ;main.c: 157: PORTAbits.RA0=0;
   313  00A4  1283               	bcf	3,5	;RP0=0, select bank0
   314  00A5  1005               	bcf	5,0	;volatile
   315                           
   316                           ;main.c: 158: PORTAbits.RA1=0;
   317  00A6  1085               	bcf	5,1	;volatile
   318                           
   319                           ;main.c: 161: PORTBbits.RB0=0;
   320  00A7  1006               	bcf	6,0	;volatile
   321                           
   322                           ;main.c: 162: PORTBbits.RB1=0;
   323  00A8  1086               	bcf	6,1	;volatile
   324                           
   325                           ;main.c: 163: PORTBbits.RB2=0;
   326  00A9  1106               	bcf	6,2	;volatile
   327                           
   328                           ;main.c: 164: PORTBbits.RB3=0;
   329  00AA  1186               	bcf	6,3	;volatile
   330                           
   331                           ;main.c: 165: PORTBbits.RB4=0;
   332  00AB  1206               	bcf	6,4	;volatile
   333                           
   334                           ;main.c: 166: PORTBbits.RB5=0;
   335  00AC  1286               	bcf	6,5	;volatile
   336                           
   337                           ;main.c: 167: PORTBbits.RB6=0;
   338  00AD  1306               	bcf	6,6	;volatile
   339                           
   340                           ;main.c: 168: PORTBbits.RB7=0;
   341  00AE  1386               	bcf	6,7	;volatile
   342  00AF  0008               	return
   343  00B0                     __end_of_Port_Init:	
   344                           
   345                           	psect	text3
   346  0015                     __ptext3:	
   347 ;; *************** function _timer0 *****************
   348 ;; Defined at:
   349 ;;		line 48 in file "main.c"
   350 ;; Parameters:    Size  Location     Type
   351 ;;		None
   352 ;; Auto vars:     Size  Location     Type
   353 ;;		None
   354 ;; Return value:  Size  Location     Type
   355 ;;                  1    wreg      void 
   356 ;; Registers used:
   357 ;;		wreg, fsr0l, fsr0h, status,2, status,0, pclath, cstack
   358 ;; Tracked objects:
   359 ;;		On entry : 0/0
   360 ;;		On exit  : 0/0
   361 ;;		Unchanged: 0/0
   362 ;; Data sizes:     COMMON   BANK0
   363 ;;      Params:         0       0
   364 ;;      Locals:         0       0
   365 ;;      Temps:          0       4
   366 ;;      Totals:         0       4
   367 ;;Total ram usage:        4 bytes
   368 ;; Hardware stack levels used:    1
   369 ;; Hardware stack levels required when called:    1
   370 ;; This function calls:
   371 ;;		___lwmod
   372 ;; This function is called by:
   373 ;;		Interrupt level 1
   374 ;; This function uses a non-reentrant model
   375 ;;
   376                           
   377                           
   378                           ;psect for function _timer0
   379  0015                     _timer0:	
   380                           
   381                           ;main.c: 51: switch(TIM0_count%10)
   382  0015  2834               	goto	i1l696
   383  0016                     i1l26:	
   384                           ;main.c: 53: {
   385                           ;main.c: 55: case 0:
   386                           
   387                           
   388                           ;main.c: 57: PORTAbits.RA1 = 0;
   389  0016  1085               	bcf	5,1	;volatile
   390                           
   391                           ;main.c: 59: PORTBbits.RB0 = 1;
   392  0017  1406               	bsf	6,0	;volatile
   393                           
   394                           ;main.c: 61: break;
   395  0018  284E               	goto	i1l698
   396  0019                     i1l28:	
   397                           ;main.c: 63: case 1:
   398                           
   399                           
   400                           ;main.c: 65: PORTBbits.RB0 = 0;
   401  0019  1006               	bcf	6,0	;volatile
   402                           
   403                           ;main.c: 67: PORTBbits.RB1 = 1;
   404  001A  1486               	bsf	6,1	;volatile
   405                           
   406                           ;main.c: 69: break;
   407  001B  284E               	goto	i1l698
   408  001C                     i1l29:	
   409                           ;main.c: 71: case 2:
   410                           
   411                           
   412                           ;main.c: 73: PORTBbits.RB1 = 0;
   413  001C  1086               	bcf	6,1	;volatile
   414                           
   415                           ;main.c: 75: PORTBbits.RB2 = 1;
   416  001D  1506               	bsf	6,2	;volatile
   417                           
   418                           ;main.c: 77: break;
   419  001E  284E               	goto	i1l698
   420  001F                     i1l30:	
   421                           ;main.c: 79: case 3:
   422                           
   423                           
   424                           ;main.c: 81: PORTBbits.RB2 = 0;
   425  001F  1106               	bcf	6,2	;volatile
   426                           
   427                           ;main.c: 83: PORTBbits.RB3 = 1;
   428  0020  1586               	bsf	6,3	;volatile
   429                           
   430                           ;main.c: 85: break;
   431  0021  284E               	goto	i1l698
   432  0022                     i1l31:	
   433                           ;main.c: 87: case 4:
   434                           
   435                           
   436                           ;main.c: 89: PORTBbits.RB3 = 0;
   437  0022  1186               	bcf	6,3	;volatile
   438                           
   439                           ;main.c: 91: PORTBbits.RB4 = 1;
   440  0023  1606               	bsf	6,4	;volatile
   441                           
   442                           ;main.c: 93: break;
   443  0024  284E               	goto	i1l698
   444  0025                     i1l32:	
   445                           ;main.c: 95: case 5:
   446                           
   447                           
   448                           ;main.c: 97: PORTBbits.RB4 = 0;
   449  0025  1206               	bcf	6,4	;volatile
   450                           
   451                           ;main.c: 99: PORTBbits.RB5 = 1;
   452  0026  1686               	bsf	6,5	;volatile
   453                           
   454                           ;main.c: 101: break;
   455  0027  284E               	goto	i1l698
   456  0028                     i1l33:	
   457                           ;main.c: 103: case 6:
   458                           
   459                           
   460                           ;main.c: 105: PORTBbits.RB5 = 0;
   461  0028  1286               	bcf	6,5	;volatile
   462                           
   463                           ;main.c: 107: PORTBbits.RB6 = 1;
   464  0029  1706               	bsf	6,6	;volatile
   465                           
   466                           ;main.c: 109: break;
   467  002A  284E               	goto	i1l698
   468  002B                     i1l34:	
   469                           ;main.c: 111: case 7:
   470                           
   471                           
   472                           ;main.c: 113: PORTBbits.RB6 = 0;
   473  002B  1306               	bcf	6,6	;volatile
   474                           
   475                           ;main.c: 115: PORTBbits.RB7 = 1;
   476  002C  1786               	bsf	6,7	;volatile
   477                           
   478                           ;main.c: 117: break;
   479  002D  284E               	goto	i1l698
   480  002E                     i1l35:	
   481                           ;main.c: 119: case 8:
   482                           
   483                           
   484                           ;main.c: 121: PORTBbits.RB7 = 0;
   485  002E  1386               	bcf	6,7	;volatile
   486                           
   487                           ;main.c: 123: PORTAbits.RA0 = 1;
   488  002F  1405               	bsf	5,0	;volatile
   489                           
   490                           ;main.c: 125: break;
   491  0030  284E               	goto	i1l698
   492  0031                     i1l36:	
   493                           ;main.c: 127: case 9:
   494                           
   495                           
   496                           ;main.c: 129: PORTAbits.RA0 = 0;
   497  0031  1005               	bcf	5,0	;volatile
   498                           
   499                           ;main.c: 131: PORTAbits.RA1 = 1;
   500  0032  1485               	bsf	5,1	;volatile
   501                           
   502                           ;main.c: 135: }
   503                           
   504                           ;main.c: 133: break;
   505  0033  284E               	goto	i1l698
   506  0034                     i1l696:	
   507  0034  300A               	movlw	10
   508  0035  008C               	movwf	___lwmod@divisor
   509  0036  3000               	movlw	0
   510  0037  008D               	movwf	___lwmod@divisor+1
   511  0038  0818               	movf	_TIM0_count+1,w
   512  0039  008F               	movwf	___lwmod@dividend+1
   513  003A  0817               	movf	_TIM0_count,w
   514  003B  008E               	movwf	___lwmod@dividend
   515  003C  2069               	fcall	___lwmod
   516                           
   517                           ; Switch on 2 bytes has been partitioned into a top level switch of size 1, and 1 sub-sw
      +                          itches
   518                           ; Switch size 1, requested type "space"
   519                           ; Number of cases is 1, Range of values is 0 to 0
   520                           ; switch strategies available:
   521                           ; Name         Instructions Cycles
   522                           ; simple_byte            4     3 (average)
   523                           ; direct_byte            7     6 (fixed)
   524                           ; jumptable            260     6 (fixed)
   525                           ;	Chosen strategy is simple_byte
   526  003D  1283               	bcf	3,5	;RP0=0, select bank0
   527  003E  080D               	movf	?___lwmod+1,w
   528  003F  3A00               	xorlw	0	; case 0
   529  0040  1903               	skipnz
   530  0041  2843               	goto	i1l778
   531  0042  284E               	goto	i1l698
   532  0043                     i1l778:	
   533                           
   534                           ; Switch size 1, requested type "space"
   535                           ; Number of cases is 10, Range of values is 0 to 9
   536                           ; switch strategies available:
   537                           ; Name         Instructions Cycles
   538                           ; direct_byte           16     6 (fixed)
   539                           ; simple_byte           31    16 (average)
   540                           ; jumptable            260     6 (fixed)
   541                           ;	Chosen strategy is direct_byte
   542  0043  080C               	movf	?___lwmod,w
   543  0044  0084               	movwf	4
   544  0045  300A               	movlw	10
   545  0046  0204               	subwf	4,w
   546  0047  1803               	skipnc
   547  0048  284E               	goto	i1l698
   548  0049  3000               	movlw	high i1S780
   549  004A  008A               	movwf	10
   550  004B  30B0               	movlw	low i1S780
   551  004C  0704               	addwf	4,w
   552  004D  0082               	movwf	2
   553  004E                     i1l698:	
   554                           
   555                           ;main.c: 137: TIM0_count++;
   556  004E  3001               	movlw	1
   557  004F  0797               	addwf	_TIM0_count,f
   558  0050  1803               	skipnc
   559  0051  0A98               	incf	_TIM0_count+1,f
   560  0052  3000               	movlw	0
   561  0053  0798               	addwf	_TIM0_count+1,f
   562                           
   563                           ;main.c: 138: if(TIM0_count>3999)
   564  0054  300F               	movlw	15
   565  0055  0218               	subwf	_TIM0_count+1,w
   566  0056  30A0               	movlw	160
   567  0057  1903               	skipnz
   568  0058  0217               	subwf	_TIM0_count,w
   569  0059  1C03               	skipc
   570  005A  285D               	goto	i1l702
   571                           
   572                           ;main.c: 139: {
   573                           ;main.c: 140: TIM0_count=0;
   574  005B  0197               	clrf	_TIM0_count
   575  005C  0198               	clrf	_TIM0_count+1
   576  005D                     i1l702:	
   577                           
   578                           ;main.c: 141: }
   579                           ;main.c: 144: T0IF=0;
   580  005D  110B               	bcf	11,2	;volatile
   581  005E  0815               	movf	??_timer0+3,w
   582  005F  00CF               	movwf	79
   583  0060  0814               	movf	??_timer0+2,w
   584  0061  008A               	movwf	10
   585  0062  0813               	movf	??_timer0+1,w
   586  0063  0084               	movwf	4
   587  0064  0E12               	swapf	??_timer0^0,w
   588  0065  0083               	movwf	3
   589  0066  0ECE               	swapf	78,f
   590  0067  0E4E               	swapf	78,w
   591  0068  0009               	retfie
   592  0069                     __end_of_timer0:	
   593                           
   594                           	psect	intentry
   595  0004                     __pintentry:	
   596                           ;incstack = 0
   597                           ; Regs used in _timer0: [wreg-fsr0h+status,2+status,0+pclath+cstack]
   598                           
   599  0004                     interrupt_function:	
   600  004E                     saved_w	set	btemp
   601  0004  00CE               	movwf	btemp
   602  0005  0E03               	swapf	3,w
   603  0006  1283               	bcf	3,5	;RP0=0, select bank0
   604  0007  0092               	movwf	??_timer0
   605  0008  0804               	movf	4,w
   606  0009  0093               	movwf	??_timer0+1
   607  000A  080A               	movf	10,w
   608  000B  0094               	movwf	??_timer0+2
   609  000C  084F               	movf	btemp+1,w
   610  000D  0095               	movwf	??_timer0+3
   611  000E  2815               	ljmp	_timer0
   612                           
   613                           	psect	swtext1
   614  00B0                     __pswtext1:	
   615  00B0                     i1S780:	
   616  00B0  2816               	ljmp	i1l26
   617  00B1  2819               	ljmp	i1l28
   618  00B2  281C               	ljmp	i1l29
   619  00B3  281F               	ljmp	i1l30
   620  00B4  2822               	ljmp	i1l31
   621  00B5  2825               	ljmp	i1l32
   622  00B6  2828               	ljmp	i1l33
   623  00B7  282B               	ljmp	i1l34
   624  00B8  282E               	ljmp	i1l35
   625  00B9  2831               	ljmp	i1l36
   626                           
   627                           	psect	text4
   628  0069                     __ptext4:	
   629 ;; *************** function ___lwmod *****************
   630 ;; Defined at:
   631 ;;		line 6 in file "C:\Program Files (x86)\Microchip\xc8\v1.44\sources\common\lwmod.c"
   632 ;; Parameters:    Size  Location     Type
   633 ;;  divisor         2    0[BANK0 ] unsigned int 
   634 ;;  dividend        2    2[BANK0 ] unsigned int 
   635 ;; Auto vars:     Size  Location     Type
   636 ;;  counter         1    5[BANK0 ] unsigned char 
   637 ;; Return value:  Size  Location     Type
   638 ;;                  2    0[BANK0 ] unsigned int 
   639 ;; Registers used:
   640 ;;		wreg, status,2, status,0
   641 ;; Tracked objects:
   642 ;;		On entry : 0/0
   643 ;;		On exit  : 0/0
   644 ;;		Unchanged: 0/0
   645 ;; Data sizes:     COMMON   BANK0
   646 ;;      Params:         0       4
   647 ;;      Locals:         0       1
   648 ;;      Temps:          0       1
   649 ;;      Totals:         0       6
   650 ;;Total ram usage:        6 bytes
   651 ;; Hardware stack levels used:    1
   652 ;; This function calls:
   653 ;;		Nothing
   654 ;; This function is called by:
   655 ;;		_timer0
   656 ;; This function uses a non-reentrant model
   657 ;;
   658                           
   659                           
   660                           ;psect for function ___lwmod
   661  0069                     ___lwmod:	
   662                           
   663                           ;incstack = 0
   664                           ; Regs used in ___lwmod: [wreg+status,2+status,0]
   665  0069  1283               	bcf	3,5	;RP0=0, select bank0
   666  006A  080C               	movf	___lwmod@divisor,w
   667  006B  040D               	iorwf	___lwmod@divisor+1,w
   668  006C  1903               	btfsc	3,2
   669  006D  2897               	goto	i1l688
   670  006E  0191               	clrf	___lwmod@counter
   671  006F  0A91               	incf	___lwmod@counter,f
   672  0070                     i1l678:	
   673  0070  1B8D               	btfsc	___lwmod@divisor+1,7
   674  0071  287E               	goto	i1l680
   675  0072  3001               	movlw	1
   676  0073                     u11_25:	
   677  0073  1003               	clrc
   678  0074  0D8C               	rlf	___lwmod@divisor,f
   679  0075  0D8D               	rlf	___lwmod@divisor+1,f
   680  0076  3EFF               	addlw	-1
   681  0077  1D03               	skipz
   682  0078  2873               	goto	u11_25
   683  0079  3001               	movlw	1
   684  007A  0090               	movwf	??___lwmod
   685  007B  0810               	movf	??___lwmod,w
   686  007C  0791               	addwf	___lwmod@counter,f
   687  007D  2870               	goto	i1l678
   688  007E                     i1l680:	
   689  007E  080D               	movf	___lwmod@divisor+1,w
   690  007F  020F               	subwf	___lwmod@dividend+1,w
   691  0080  1D03               	skipz
   692  0081  2884               	goto	u13_25
   693  0082  080C               	movf	___lwmod@divisor,w
   694  0083  020E               	subwf	___lwmod@dividend,w
   695  0084                     u13_25:	
   696  0084  1C03               	skipc
   697  0085  288C               	goto	i1l684
   698  0086  080C               	movf	___lwmod@divisor,w
   699  0087  028E               	subwf	___lwmod@dividend,f
   700  0088  080D               	movf	___lwmod@divisor+1,w
   701  0089  1C03               	skipc
   702  008A  038F               	decf	___lwmod@dividend+1,f
   703  008B  028F               	subwf	___lwmod@dividend+1,f
   704  008C                     i1l684:	
   705  008C  3001               	movlw	1
   706  008D                     u14_25:	
   707  008D  1003               	clrc
   708  008E  0C8D               	rrf	___lwmod@divisor+1,f
   709  008F  0C8C               	rrf	___lwmod@divisor,f
   710  0090  3EFF               	addlw	-1
   711  0091  1D03               	skipz
   712  0092  288D               	goto	u14_25
   713  0093  3001               	movlw	1
   714  0094  0291               	subwf	___lwmod@counter,f
   715  0095  1D03               	btfss	3,2
   716  0096  287E               	goto	i1l680
   717  0097                     i1l688:	
   718  0097  080F               	movf	___lwmod@dividend+1,w
   719  0098  008D               	movwf	?___lwmod+1
   720  0099  080E               	movf	___lwmod@dividend,w
   721  009A  008C               	movwf	?___lwmod
   722  009B  0008               	return
   723  009C                     __end_of___lwmod:	
   724  004E                     btemp	set	78	;btemp
   725  004E                     wtemp0	set	78


Data Sizes:
    Strings     0
    Constant    0
    Data        0
    BSS         2
    Persistent  0
    Stack       0

Auto Spaces:
    Space          Size  Autos    Used
    COMMON            0      0       0
    BANK0            66     11      13

Pointer List with Targets:

    None.

Critical Paths under _main in COMMON

    None.

Critical Paths under _timer0 in COMMON

    None.

Critical Paths under _main in BANK0

    _main->_Port_Init

Critical Paths under _timer0 in BANK0

    _timer0->___lwmod

Call Graph Tables:

 ---------------------------------------------------------------------------------
 (Depth) Function   	        Calls       Base Space   Used Autos Params    Refs
 ---------------------------------------------------------------------------------
 (0) _main                                                 0     0      0       0
                          _Port_Init
                         _timer_init
 ---------------------------------------------------------------------------------
 (1) _timer_init                                           0     0      0       0
 ---------------------------------------------------------------------------------
 (1) _Port_Init                                            1     1      0       0
                                             10 BANK0      1     1      0
 ---------------------------------------------------------------------------------
 Estimated maximum stack depth 1
 ---------------------------------------------------------------------------------
 (Depth) Function   	        Calls       Base Space   Used Autos Params    Refs
 ---------------------------------------------------------------------------------
 (2) _timer0                                               4     4      0     265
                                              6 BANK0      4     4      0
                            ___lwmod
 ---------------------------------------------------------------------------------
 (3) ___lwmod                                              6     2      4     265
                                              0 BANK0      6     2      4
 ---------------------------------------------------------------------------------
 Estimated maximum stack depth 3
 ---------------------------------------------------------------------------------

 Call Graph Graphs:

 _main (ROOT)
   _Port_Init
   _timer_init

 _timer0 (ROOT)
   ___lwmod

 Address spaces:
Name               Size   Autos  Total    Cost      Usage
BITCOMMON            0      0       0       0        0.0%
EEDATA              40      0       0       0        0.0%
NULL                 0      0       0       0        0.0%
CODE                 0      0       0       0        0.0%
BITSFR0              0      0       0       1        0.0%
SFR0                 0      0       0       1        0.0%
COMMON               0      0       0       1        0.0%
BITSFR1              0      0       0       2        0.0%
SFR1                 0      0       0       2        0.0%
STACK                0      0       0       2        0.0%
BANK0               42      B       D       3       19.7%
ABS                  0      0       D       4        0.0%
BITBANK0            42      0       0       5        0.0%
DATA                 0      0       D       6        0.0%


Microchip Technology PIC Macro Assembler V1.44 build -154322312 
Symbol Table                                                                                   Sun Dec 24 22:05:42 2017

                      pc 0002              __CFG_CP$OFF 0000                       l57 00C4  
                     fsr 0004                      _RA2 002A                      fsr0 0004  
           __CFG_FOSC$HS 0000                     _T0IF 005A                     i1l30 001F  
                   i1l31 0022                     i1l32 0025                     i1l33 0028  
                   i1l34 002B                     i1l26 0016                     i1l35 002E  
                   i1l36 0031                     i1l28 0019                     i1l29 001C  
                   _TMR0 0001                     _main 00C2                     btemp 004E  
                   start 000F                    ?_main 000C                    i1S780 00B0  
          __CFG_WDTE$OFF 0000          __end_of___lwmod 009C                    i1l702 005D  
                  i1l680 007E                    i1l684 008C                    i1l678 0070  
                  i1l688 0097                    i1l696 0034                    i1l778 0043  
                  i1l698 004E                    u11_25 0073                    u13_25 0084  
                  u14_25 008D                    _TRISA 0085                    _TRISB 0086  
          __CFG_PWRTE$ON 0000                    pclath 000A                    status 0003  
                  wtemp0 004E          __initialization 0010             __end_of_main 00C5  
                 ??_main 0000                   _INTCON 000B                ??___lwmod 0010  
                 _timer0 0015       __size_of_Port_Init 0014                   saved_w 004E  
__end_of__initialization 0013           __pcstackCOMMON 0000               __pbssBANK0 0017  
      __end_of_Port_Init 00B0               __pmaintext 00C2               __pintentry 0004  
                ?_timer0 000C                  ___lwmod 0069                  __ptext1 00BA  
                __ptext2 009C                  __ptext3 0015                  __ptext4 0069  
        __size_of_timer0 0054     end_of_initialization 0013               _timer_init 00BA  
              _PORTAbits 0005                _PORTBbits 0006           __end_of_timer0 0069  
    start_initialization 0010                _Port_Init 009C                 ??_timer0 0012  
            ?_timer_init 000C                ___latbits 0000            __pcstackBANK0 000C  
             ?_Port_Init 000C                 ?___lwmod 000C                __pswtext1 00B0  
      interrupt_function 0004      __size_of_timer_init 0008              ??_Port_Init 0016  
       __size_of___lwmod 0033            __size_of_main 0003             ??_timer_init 0000  
               intlevel1 0000         ___lwmod@dividend 000E       __end_of_timer_init 00C2  
             _TIM0_count 0017               _OPTION_REG 0081          ___lwmod@divisor 000C  
        ___lwmod@counter 0011  
