

Microchip Technology PIC LITE Macro Assembler V1.44 build -154322312 
                                                                                               Wed Jan 17 22:29:36 2018

Microchip Technology Omniscient Code Generator v1.44 (Free mode) build 201709140600
     1                           	processor	16F84A
     2                           	opt	pw 120
     3                           	opt	lm
     4                           	psect	cinit,global,class=CODE,merge=1,delta=2
     5                           	psect	cstackCOMMON,global,class=COMMON,space=1,delta=1
     6                           	psect	cstackBANK0,global,class=BANK0,space=1,delta=1
     7                           	psect	maintext,global,class=CODE,split=1,delta=2
     8                           	dabs	1,0x4E,2
     9  0000                     
    10                           ; Version 1.44
    11                           ; Generated 14/09/2017 GMT
    12                           ; 
    13                           ; Copyright © 2017, Microchip Technology Inc. and its subsidiaries ("Microchip")
    14                           ; All rights reserved.
    15                           ; 
    16                           ; This software is developed by Microchip Technology Inc. and its subsidiaries ("Microch
      +                          ip").
    17                           ; 
    18                           ; Redistribution and use in source and binary forms, with or without modification, are
    19                           ; permitted provided that the following conditions are met:
    20                           ; 
    21                           ;     1. Redistributions of source code must retain the above copyright notice, this lis
      +                          t of
    22                           ;        conditions and the following disclaimer.
    23                           ; 
    24                           ;     2. Redistributions in binary form must reproduce the above copyright notice, this 
      +                          list
    25                           ;        of conditions and the following disclaimer in the documentation and/or other
    26                           ;        materials provided with the distribution.
    27                           ; 
    28                           ;     3. Microchip's name may not be used to endorse or promote products derived from th
      +                          is
    29                           ;        software without specific prior written permission.
    30                           ; 
    31                           ; THIS SOFTWARE IS PROVIDED BY MICROCHIP "AS IS" AND ANY EXPRESS OR IMPLIED WARRANTIES,
    32                           ; INCLUDING, BUT NOT LIMITED TO, THE IMPLIED WARRANTIES OF MERCHANTABILITY AND FITNESS F
      +                          OR
    33                           ; PURPOSE ARE DISCLAIMED.  IN NO EVENT SHALL MICROCHIP BE LIABLE FOR ANY DIRECT, INDIREC
      +                          T,
    34                           ; INCIDENTAL, SPECIAL, EXEMPLARY, OR CONSEQUENTIAL DAMAGES (INCLUDING BUT NOT LIMITED TO
    35                           ; PROCUREMENT OF SUBSTITUTE GOODS OR SERVICES; LOSS OF USE, DATA OR PROFITS; OR BUSINESS
    36                           ; INTERRUPTION) HOWSOEVER CAUSED AND ON ANY THEORY OF LIABILITY, WHETHER IN CONTRACT, ST
      +                          RICT
    37                           ; LIABILITY, OR TORT (INCLUDING NEGLIGENCE OR OTHERWISE) ARISING IN ANY WAY OUT OF THE U
      +                          SE OF
    38                           ; THIS SOFTWARE, EVEN IF ADVISED OF THE POSSIBILITY OF SUCH DAMAGE.
    39                           ; 
    40                           ; 
    41                           ; Code-generator required, PIC16F84A Definitions
    42                           ; 
    43                           ; SFR Addresses
    44  0000                     	;# 
    45  0001                     	;# 
    46  0002                     	;# 
    47  0003                     	;# 
    48  0004                     	;# 
    49  0005                     	;# 
    50  0006                     	;# 
    51  0008                     	;# 
    52  0009                     	;# 
    53  000A                     	;# 
    54  000B                     	;# 
    55  0081                     	;# 
    56  0085                     	;# 
    57  0086                     	;# 
    58  0088                     	;# 
    59  0089                     	;# 
    60  0000                     	;# 
    61  0001                     	;# 
    62  0002                     	;# 
    63  0003                     	;# 
    64  0004                     	;# 
    65  0005                     	;# 
    66  0006                     	;# 
    67  0008                     	;# 
    68  0009                     	;# 
    69  000A                     	;# 
    70  000B                     	;# 
    71  0081                     	;# 
    72  0085                     	;# 
    73  0086                     	;# 
    74  0088                     	;# 
    75  0089                     	;# 
    76  0005                     _PORTA	set	5
    77  0005                     _PORTAbits	set	5
    78  0006                     _PORTB	set	6
    79  0086                     _TRISB	set	134
    80  0085                     _TRISA	set	133
    81                           
    82                           ; #config settings
    83  0000                     
    84                           	psect	cinit
    85  03FE                     start_initialization:	
    86  03FE                     __initialization:	
    87  03FE                     end_of_initialization:	
    88                           ;End of C runtime variable initialization code
    89                           
    90  03FE                     __end_of__initialization:	
    91  03FE  0183               	clrf	3
    92  03FF  2BFD               	ljmp	_main	;jump to C main() function
    93                           
    94                           	psect	cstackCOMMON
    95  0000                     __pcstackCOMMON:	
    96  0000                     ??_main:	
    97                           
    98                           	psect	cstackBANK0
    99  0000                     __pcstackBANK0:	
   100                           ; 1 bytes @ 0x0
   101                           
   102  0000                     ?_main:	
   103                           
   104                           	psect	maintext
   105  03FD                     __pmaintext:	
   106                           ; 1 bytes @ 0x0
   107 ;;
   108 ;;Main: autosize = 0, tempsize = 0, incstack = 0, save=0
   109 ;;
   110 ;; *************** function _main *****************
   111 ;; Defined at:
   112 ;;		line 12 in file "main.c"
   113 ;; Parameters:    Size  Location     Type
   114 ;;		None
   115 ;; Auto vars:     Size  Location     Type
   116 ;;		None
   117 ;; Return value:  Size  Location     Type
   118 ;;                  1    wreg      void 
   119 ;; Registers used:
   120 ;;		None
   121 ;; Tracked objects:
   122 ;;		On entry : B00/0
   123 ;;		On exit  : 0/0
   124 ;;		Unchanged: 0/0
   125 ;; Data sizes:     COMMON   BANK0
   126 ;;      Params:         0       0
   127 ;;      Locals:         0       0
   128 ;;      Temps:          0       0
   129 ;;      Totals:         0       0
   130 ;;Total ram usage:        0 bytes
   131 ;; This function calls:
   132 ;;		Nothing
   133 ;; This function is called by:
   134 ;;		Startup code after reset
   135 ;; This function uses a non-reentrant model
   136 ;;
   137                           
   138                           
   139                           ;psect for function _main
   140  03FD                     _main:	
   141                           
   142                           ;main.c: 13: return;
   143                           
   144                           ;incstack = 0
   145                           ; Regs used in _main: []
   146  03FD  2800               	ljmp	start
   147  03FE                     __end_of_main:	
   148  004E                     btemp	set	78	;btemp
   149  004E                     wtemp0	set	78


Data Sizes:
    Strings     0
    Constant    0
    Data        0
    BSS         0
    Persistent  0
    Stack       0

Auto Spaces:
    Space          Size  Autos    Used
    COMMON            0      0       0
    BANK0            66      0       0

Pointer List with Targets:

    None.

Critical Paths under _main in COMMON

    None.

Critical Paths under _main in BANK0

    None.

Call Graph Tables:

 ---------------------------------------------------------------------------------
 (Depth) Function   	        Calls       Base Space   Used Autos Params    Refs
 ---------------------------------------------------------------------------------
 (0) _main                                                 0     0      0       0
 ---------------------------------------------------------------------------------
 Estimated maximum stack depth 0
 ---------------------------------------------------------------------------------

 Call Graph Graphs:

 _main (ROOT)

 Address spaces:
Name               Size   Autos  Total    Cost      Usage
BITCOMMON            0      0       0       0        0.0%
EEDATA              40      0       0       0        0.0%
NULL                 0      0       0       0        0.0%
CODE                 0      0       0       0        0.0%
BITSFR0              0      0       0       1        0.0%
SFR0                 0      0       0       1        0.0%
COMMON               0      0       0       1        0.0%
BITSFR1              0      0       0       2        0.0%
SFR1                 0      0       0       2        0.0%
STACK                0      0       0       2        0.0%
BANK0               42      0       0       3        0.0%
ABS                  0      0       0       4        0.0%
BITBANK0            42      0       0       5        0.0%
DATA                 0      0       0       6        0.0%


Microchip Technology PIC Macro Assembler V1.44 build -154322312 
Symbol Table                                                                                   Wed Jan 17 22:29:36 2018

            __CFG_CP$OFF 0000             __CFG_FOSC$HS 0000                     _main 03FD  
                   btemp 004E                     start 0000                    ?_main 0000  
          __CFG_WDTE$OFF 0000                    _PORTA 0005                    _PORTB 0006  
                  _TRISA 0085                    _TRISB 0086            __CFG_PWRTE$ON 0000  
                  status 0003                    wtemp0 004E          __initialization 03FE  
           __end_of_main 03FE                   ??_main 0000  __end_of__initialization 03FE  
         __pcstackCOMMON 0000               __pmaintext 03FD     end_of_initialization 03FE  
              _PORTAbits 0005      start_initialization 03FE                ___latbits 0000  
          __pcstackBANK0 0000            __size_of_main 0001  
