

Microchip Technology PIC LITE Macro Assembler V1.37 build -260352376 
                                                                                               Sun Dec 03 20:58:43 2017

Microchip Technology Omniscient Code Generator v1.37 (Free mode) build 201603110536
     1                           	processor	16F84A
     2                           	opt	pw 120
     3                           	opt	lm
     4                           	psect	cinit,global,class=CODE,merge=1,delta=2
     5                           	psect	cstackBANK0,global,class=BANK0,space=1,delta=1
     6                           	psect	maintext,global,class=CODE,split=1,delta=2
     7                           	dabs	1,0x4E,2
     8  0000                     	;# 
     9  0001                     	;# 
    10  0002                     	;# 
    11  0003                     	;# 
    12  0004                     	;# 
    13  0005                     	;# 
    14  0006                     	;# 
    15  0008                     	;# 
    16  0009                     	;# 
    17  000A                     	;# 
    18  000B                     	;# 
    19  0081                     	;# 
    20  0085                     	;# 
    21  0086                     	;# 
    22  0088                     	;# 
    23  0089                     	;# 
    24  0005                     _PORTAbits	set	5
    25  0006                     _PORTB	set	6
    26  0006                     _PORTBbits	set	6
    27  0085                     _TRISA	set	133
    28  0086                     _TRISB	set	134
    29                           
    30                           ; #config settings
    31  0000                     
    32                           	psect	cinit
    33  03FE                     start_initialization:	
    34  03FE                     __initialization:	
    35  03FE                     end_of_initialization:	
    36                           ;End of C runtime variable initialization code
    37                           
    38  03FE                     __end_of__initialization:	
    39  03FE  0183               	clrf	3
    40  03FF  2B5B               	ljmp	_main	;jump to C main() function
    41                           
    42                           	psect	cstackBANK0
    43  000C                     __pcstackBANK0:	
    44  000C                     ?_main:	
    45  000C                     ??_main:	
    46                           ; 1 bytes @ 0x0
    47                           
    48                           
    49                           ; 1 bytes @ 0x0
    50  000C                     	ds	3
    51                           
    52                           	psect	maintext
    53  035B                     __pmaintext:	
    54 ;;
    55 ;;Main: autosize = 0, tempsize = 3, incstack = 0, save=0
    56 ;;
    57 ;; *************** function _main *****************
    58 ;; Defined at:
    59 ;;		line 19 in file "main.c"
    60 ;; Parameters:    Size  Location     Type
    61 ;;		None
    62 ;; Auto vars:     Size  Location     Type
    63 ;;		None
    64 ;; Return value:  Size  Location     Type
    65 ;;                  1    wreg      void 
    66 ;; Registers used:
    67 ;;		wreg, status,2, status,0
    68 ;; Tracked objects:
    69 ;;		On entry : B00/0
    70 ;;		On exit  : 0/0
    71 ;;		Unchanged: 0/0
    72 ;; Data sizes:     COMMON   BANK0
    73 ;;      Params:         0       0
    74 ;;      Locals:         0       0
    75 ;;      Temps:          0       3
    76 ;;      Totals:         0       3
    77 ;;Total ram usage:        3 bytes
    78 ;; This function calls:
    79 ;;		Nothing
    80 ;; This function is called by:
    81 ;;		Startup code after reset
    82 ;; This function uses a non-reentrant model
    83 ;;
    84                           
    85                           
    86                           ;psect for function _main
    87  035B                     _main:	
    88                           
    89                           ;main.c: 21: TRISB=0x00;
    90                           
    91                           ;incstack = 0
    92                           ; Regs used in _main: [wreg+status,2+status,0]
    93  035B  1683               	bsf	3,5	;RP0=1, select bank1
    94  035C  0186               	clrf	6	;volatile
    95                           
    96                           ;main.c: 22: PORTB=0x00;
    97  035D  1283               	bcf	3,5	;RP0=0, select bank0
    98  035E  0186               	clrf	6	;volatile
    99                           
   100                           ;main.c: 25: TRISA&=~((1<<0)|(1<<1));
   101  035F  30FC               	movlw	252
   102  0360  008C               	movwf	??_main
   103  0361  080C               	movf	??_main,w
   104  0362  1683               	bsf	3,5	;RP0=1, select bank1
   105  0363  0585               	andwf	5,f	;volatile
   106                           
   107                           ;main.c: 26: PORTAbits.RA0=0;
   108  0364  1283               	bcf	3,5	;RP0=0, select bank0
   109  0365  1005               	bcf	5,0	;volatile
   110                           
   111                           ;main.c: 27: PORTAbits.RA1=0;
   112  0366  1085               	bcf	5,1	;volatile
   113  0367                     l554:	
   114                           ;main.c: 29: while(1)
   115                           
   116                           
   117                           ;main.c: 30: {
   118                           ;main.c: 31: PORTBbits.RB0=1;
   119  0367  1283               	bcf	3,5	;RP0=0, select bank0
   120  0368  1406               	bsf	6,0	;volatile
   121                           
   122                           ;main.c: 32: PORTAbits.RA1=0;
   123  0369  1085               	bcf	5,1	;volatile
   124                           
   125                           ;main.c: 33: _delay((unsigned long)((300)*(4000000/4000.0)));
   126  036A  3002               	movlw	2
   127  036B  008E               	movwf	??_main+2
   128  036C  3086               	movlw	134
   129  036D  008D               	movwf	??_main+1
   130  036E  3099               	movlw	153
   131  036F  008C               	movwf	??_main
   132  0370                     u17:	
   133  0370  0B8C               	decfsz	??_main,f
   134  0371  2B70               	goto	u17
   135  0372  0B8D               	decfsz	??_main+1,f
   136  0373  2B70               	goto	u17
   137  0374  0B8E               	decfsz	??_main+2,f
   138  0375  2B70               	goto	u17
   139                           
   140                           ;main.c: 36: PORTBbits.RB1=1;
   141  0376  1283               	bcf	3,5	;RP0=0, select bank0
   142  0377  1486               	bsf	6,1	;volatile
   143                           
   144                           ;main.c: 37: PORTBbits.RB0=0;
   145  0378  1006               	bcf	6,0	;volatile
   146                           
   147                           ;main.c: 38: _delay((unsigned long)((300)*(4000000/4000.0)));
   148  0379  3002               	movlw	2
   149  037A  008E               	movwf	??_main+2
   150  037B  3086               	movlw	134
   151  037C  008D               	movwf	??_main+1
   152  037D  3099               	movlw	153
   153  037E  008C               	movwf	??_main
   154  037F                     u27:	
   155  037F  0B8C               	decfsz	??_main,f
   156  0380  2B7F               	goto	u27
   157  0381  0B8D               	decfsz	??_main+1,f
   158  0382  2B7F               	goto	u27
   159  0383  0B8E               	decfsz	??_main+2,f
   160  0384  2B7F               	goto	u27
   161                           
   162                           ;main.c: 42: PORTBbits.RB2=1;
   163  0385  1283               	bcf	3,5	;RP0=0, select bank0
   164  0386  1506               	bsf	6,2	;volatile
   165                           
   166                           ;main.c: 43: PORTBbits.RB1=0;
   167  0387  1086               	bcf	6,1	;volatile
   168                           
   169                           ;main.c: 44: _delay((unsigned long)((300)*(4000000/4000.0)));
   170  0388  3002               	movlw	2
   171  0389  008E               	movwf	??_main+2
   172  038A  3086               	movlw	134
   173  038B  008D               	movwf	??_main+1
   174  038C  3099               	movlw	153
   175  038D  008C               	movwf	??_main
   176  038E                     u37:	
   177  038E  0B8C               	decfsz	??_main,f
   178  038F  2B8E               	goto	u37
   179  0390  0B8D               	decfsz	??_main+1,f
   180  0391  2B8E               	goto	u37
   181  0392  0B8E               	decfsz	??_main+2,f
   182  0393  2B8E               	goto	u37
   183                           
   184                           ;main.c: 46: PORTBbits.RB3=1;
   185  0394  1283               	bcf	3,5	;RP0=0, select bank0
   186  0395  1586               	bsf	6,3	;volatile
   187                           
   188                           ;main.c: 47: PORTBbits.RB2=0;
   189  0396  1106               	bcf	6,2	;volatile
   190                           
   191                           ;main.c: 48: _delay((unsigned long)((300)*(4000000/4000.0)));
   192  0397  3002               	movlw	2
   193  0398  008E               	movwf	??_main+2
   194  0399  3086               	movlw	134
   195  039A  008D               	movwf	??_main+1
   196  039B  3099               	movlw	153
   197  039C  008C               	movwf	??_main
   198  039D                     u47:	
   199  039D  0B8C               	decfsz	??_main,f
   200  039E  2B9D               	goto	u47
   201  039F  0B8D               	decfsz	??_main+1,f
   202  03A0  2B9D               	goto	u47
   203  03A1  0B8E               	decfsz	??_main+2,f
   204  03A2  2B9D               	goto	u47
   205                           
   206                           ;main.c: 52: PORTBbits.RB4=1;
   207  03A3  1283               	bcf	3,5	;RP0=0, select bank0
   208  03A4  1606               	bsf	6,4	;volatile
   209                           
   210                           ;main.c: 53: PORTBbits.RB3=0;
   211  03A5  1186               	bcf	6,3	;volatile
   212                           
   213                           ;main.c: 54: _delay((unsigned long)((300)*(4000000/4000.0)));
   214  03A6  3002               	movlw	2
   215  03A7  008E               	movwf	??_main+2
   216  03A8  3086               	movlw	134
   217  03A9  008D               	movwf	??_main+1
   218  03AA  3099               	movlw	153
   219  03AB  008C               	movwf	??_main
   220  03AC                     u57:	
   221  03AC  0B8C               	decfsz	??_main,f
   222  03AD  2BAC               	goto	u57
   223  03AE  0B8D               	decfsz	??_main+1,f
   224  03AF  2BAC               	goto	u57
   225  03B0  0B8E               	decfsz	??_main+2,f
   226  03B1  2BAC               	goto	u57
   227                           
   228                           ;main.c: 57: PORTBbits.RB5=1;
   229  03B2  1283               	bcf	3,5	;RP0=0, select bank0
   230  03B3  1686               	bsf	6,5	;volatile
   231                           
   232                           ;main.c: 58: PORTBbits.RB4=0;
   233  03B4  1206               	bcf	6,4	;volatile
   234                           
   235                           ;main.c: 59: _delay((unsigned long)((300)*(4000000/4000.0)));
   236  03B5  3002               	movlw	2
   237  03B6  008E               	movwf	??_main+2
   238  03B7  3086               	movlw	134
   239  03B8  008D               	movwf	??_main+1
   240  03B9  3099               	movlw	153
   241  03BA  008C               	movwf	??_main
   242  03BB                     u67:	
   243  03BB  0B8C               	decfsz	??_main,f
   244  03BC  2BBB               	goto	u67
   245  03BD  0B8D               	decfsz	??_main+1,f
   246  03BE  2BBB               	goto	u67
   247  03BF  0B8E               	decfsz	??_main+2,f
   248  03C0  2BBB               	goto	u67
   249                           
   250                           ;main.c: 63: PORTBbits.RB6=1;
   251  03C1  1283               	bcf	3,5	;RP0=0, select bank0
   252  03C2  1706               	bsf	6,6	;volatile
   253                           
   254                           ;main.c: 64: PORTBbits.RB5=0;
   255  03C3  1286               	bcf	6,5	;volatile
   256                           
   257                           ;main.c: 65: _delay((unsigned long)((300)*(4000000/4000.0)));
   258  03C4  3002               	movlw	2
   259  03C5  008E               	movwf	??_main+2
   260  03C6  3086               	movlw	134
   261  03C7  008D               	movwf	??_main+1
   262  03C8  3099               	movlw	153
   263  03C9  008C               	movwf	??_main
   264  03CA                     u77:	
   265  03CA  0B8C               	decfsz	??_main,f
   266  03CB  2BCA               	goto	u77
   267  03CC  0B8D               	decfsz	??_main+1,f
   268  03CD  2BCA               	goto	u77
   269  03CE  0B8E               	decfsz	??_main+2,f
   270  03CF  2BCA               	goto	u77
   271                           
   272                           ;main.c: 68: PORTBbits.RB7=1;
   273  03D0  1283               	bcf	3,5	;RP0=0, select bank0
   274  03D1  1786               	bsf	6,7	;volatile
   275                           
   276                           ;main.c: 69: PORTBbits.RB6=0;
   277  03D2  1306               	bcf	6,6	;volatile
   278                           
   279                           ;main.c: 70: _delay((unsigned long)((300)*(4000000/4000.0)));
   280  03D3  3002               	movlw	2
   281  03D4  008E               	movwf	??_main+2
   282  03D5  3086               	movlw	134
   283  03D6  008D               	movwf	??_main+1
   284  03D7  3099               	movlw	153
   285  03D8  008C               	movwf	??_main
   286  03D9                     u87:	
   287  03D9  0B8C               	decfsz	??_main,f
   288  03DA  2BD9               	goto	u87
   289  03DB  0B8D               	decfsz	??_main+1,f
   290  03DC  2BD9               	goto	u87
   291  03DD  0B8E               	decfsz	??_main+2,f
   292  03DE  2BD9               	goto	u87
   293                           
   294                           ;main.c: 75: PORTAbits.RA0=1;
   295  03DF  1283               	bcf	3,5	;RP0=0, select bank0
   296  03E0  1405               	bsf	5,0	;volatile
   297                           
   298                           ;main.c: 76: PORTBbits.RB7=0;
   299  03E1  1386               	bcf	6,7	;volatile
   300                           
   301                           ;main.c: 77: _delay((unsigned long)((300)*(4000000/4000.0)));
   302  03E2  3002               	movlw	2
   303  03E3  008E               	movwf	??_main+2
   304  03E4  3086               	movlw	134
   305  03E5  008D               	movwf	??_main+1
   306  03E6  3099               	movlw	153
   307  03E7  008C               	movwf	??_main
   308  03E8                     u97:	
   309  03E8  0B8C               	decfsz	??_main,f
   310  03E9  2BE8               	goto	u97
   311  03EA  0B8D               	decfsz	??_main+1,f
   312  03EB  2BE8               	goto	u97
   313  03EC  0B8E               	decfsz	??_main+2,f
   314  03ED  2BE8               	goto	u97
   315                           
   316                           ;main.c: 80: PORTAbits.RA1=1;
   317  03EE  1283               	bcf	3,5	;RP0=0, select bank0
   318  03EF  1485               	bsf	5,1	;volatile
   319                           
   320                           ;main.c: 81: PORTAbits.RA0=0;
   321  03F0  1005               	bcf	5,0	;volatile
   322                           
   323                           ;main.c: 82: _delay((unsigned long)((300)*(4000000/4000.0)));
   324  03F1  3002               	movlw	2
   325  03F2  008E               	movwf	??_main+2
   326  03F3  3086               	movlw	134
   327  03F4  008D               	movwf	??_main+1
   328  03F5  3099               	movlw	153
   329  03F6  008C               	movwf	??_main
   330  03F7                     u107:	
   331  03F7  0B8C               	decfsz	??_main,f
   332  03F8  2BF7               	goto	u107
   333  03F9  0B8D               	decfsz	??_main+1,f
   334  03FA  2BF7               	goto	u107
   335  03FB  0B8E               	decfsz	??_main+2,f
   336  03FC  2BF7               	goto	u107
   337  03FD  2B67               	goto	l554
   338  03FE                     __end_of_main:	
   339  004E                     btemp	set	78	;btemp
   340  004E                     wtemp	set	78
   341  004E                     wtemp0	set	78
   342  0050                     wtemp1	set	80
   343  0052                     wtemp2	set	82
   344  0054                     wtemp3	set	84
   345  0056                     wtemp4	set	86
   346  0058                     wtemp5	set	88
   347  004F                     wtemp6	set	79
   348  004E                     ttemp	set	78
   349  004E                     ttemp0	set	78
   350  0051                     ttemp1	set	81
   351  0054                     ttemp2	set	84
   352  0057                     ttemp3	set	87
   353  004F                     ttemp4	set	79
   354  004E                     ltemp	set	78
   355  004E                     ltemp0	set	78
   356  0052                     ltemp1	set	82
   357  0056                     ltemp2	set	86
   358  0050                     ltemp3	set	80


Data Sizes:
    Strings     0
    Constant    0
    Data        0
    BSS         0
    Persistent  0
    Stack       0

Auto Spaces:
    Space          Size  Autos    Used
    COMMON            0      0       0
    BANK0            66      3       3

Pointer List with Targets:

    None.

Critical Paths under _main in COMMON

    None.

Critical Paths under _main in BANK0

    None.

Call Graph Tables:

 ---------------------------------------------------------------------------------
 (Depth) Function   	        Calls       Base Space   Used Autos Params    Refs
 ---------------------------------------------------------------------------------
 (0) _main                                                 3     3      0       0
                                              0 BANK0      3     3      0
 ---------------------------------------------------------------------------------
 Estimated maximum stack depth 0
 ---------------------------------------------------------------------------------

 Call Graph Graphs:

 _main (ROOT)

 Address spaces:
Name               Size   Autos  Total    Cost      Usage
BITCOMMON            0      0       0       0        0.0%
EEDATA              40      0       0       0        0.0%
NULL                 0      0       0       0        0.0%
CODE                 0      0       0       0        0.0%
BITSFR0              0      0       0       1        0.0%
SFR0                 0      0       0       1        0.0%
COMMON               0      0       0       1        0.0%
BITSFR1              0      0       0       2        0.0%
SFR1                 0      0       0       2        0.0%
STACK                0      0       0       2        0.0%
BANK0               42      3       3       3        4.5%
ABS                  0      0       0       4        0.0%
BITBANK0            42      0       0       5        0.0%
DATA                 0      0       0       6        0.0%


Microchip Technology PIC Macro Assembler V1.37 build -260352376 
Symbol Table                                                                                   Sun Dec 03 20:58:43 2017

             __CFG_CP$ON 0000                       u17 0370                       u27 037F  
                     u37 038E                       u47 039D                       u57 03AC  
                     u67 03BB                       u77 03CA                       u87 03D9  
                     u97 03E8                      l554 0367                      u107 03F7  
           __CFG_FOSC$HS 0000                     _main 035B                     btemp 004E  
                   ltemp 004E                     start 0000                     ttemp 004E  
                   wtemp 004E                    ?_main 000C            __CFG_WDTE$OFF 0000  
                  _PORTB 0006                    _TRISA 0085                    _TRISB 0086  
          __CFG_PWRTE$ON 0000                    ltemp0 004E                    ltemp1 0052  
                  ltemp2 0056                    ltemp3 0050                    ttemp0 004E  
                  ttemp1 0051                    ttemp2 0054                    ttemp3 0057  
                  ttemp4 004F                    status 0003                    wtemp0 004E  
                  wtemp1 0050                    wtemp2 0052                    wtemp3 0054  
                  wtemp4 0056                    wtemp5 0058                    wtemp6 004F  
        __initialization 03FE             __end_of_main 03FE                   ??_main 000C  
__end_of__initialization 03FE               __pmaintext 035B     end_of_initialization 03FE  
              _PORTAbits 0005                _PORTBbits 0006      start_initialization 03FE  
              ___latbits 0000            __pcstackBANK0 000C            __size_of_main 00A3  
