

Microchip Technology PIC LITE Macro Assembler V1.44 build -154322312 
                                                                                               Sun Feb 18 20:39:23 2018

Microchip Technology Omniscient Code Generator v1.44 (Free mode) build 201709140600
     1                           	processor	16F877
     2                           	opt	pw 120
     3                           	opt	lm
     4                           	psect	cinit,global,class=CODE,merge=1,delta=2
     5                           	psect	cstackCOMMON,global,class=COMMON,space=1,delta=1
     6                           	psect	maintext,global,class=CODE,split=1,delta=2
     7                           	psect	text1,local,class=CODE,merge=1,delta=2
     8                           	psect	text2,local,class=CODE,merge=1,delta=2
     9                           	psect	text3,local,class=CODE,merge=1,delta=2
    10                           	psect	intentry,global,class=CODE,delta=2
    11                           	psect	text4,local,class=CODE,merge=1,delta=2
    12                           	dabs	1,0x7E,2
    13  0000                     
    14                           ; Version 1.44
    15                           ; Generated 14/09/2017 GMT
    16                           ; 
    17                           ; Copyright © 2017, Microchip Technology Inc. and its subsidiaries ("Microchip")
    18                           ; All rights reserved.
    19                           ; 
    20                           ; This software is developed by Microchip Technology Inc. and its subsidiaries ("Microch
      +                          ip").
    21                           ; 
    22                           ; Redistribution and use in source and binary forms, with or without modification, are
    23                           ; permitted provided that the following conditions are met:
    24                           ; 
    25                           ;     1. Redistributions of source code must retain the above copyright notice, this lis
      +                          t of
    26                           ;        conditions and the following disclaimer.
    27                           ; 
    28                           ;     2. Redistributions in binary form must reproduce the above copyright notice, this 
      +                          list
    29                           ;        of conditions and the following disclaimer in the documentation and/or other
    30                           ;        materials provided with the distribution.
    31                           ; 
    32                           ;     3. Microchip's name may not be used to endorse or promote products derived from th
      +                          is
    33                           ;        software without specific prior written permission.
    34                           ; 
    35                           ; THIS SOFTWARE IS PROVIDED BY MICROCHIP "AS IS" AND ANY EXPRESS OR IMPLIED WARRANTIES,
    36                           ; INCLUDING, BUT NOT LIMITED TO, THE IMPLIED WARRANTIES OF MERCHANTABILITY AND FITNESS F
      +                          OR
    37                           ; PURPOSE ARE DISCLAIMED.  IN NO EVENT SHALL MICROCHIP BE LIABLE FOR ANY DIRECT, INDIREC
      +                          T,
    38                           ; INCIDENTAL, SPECIAL, EXEMPLARY, OR CONSEQUENTIAL DAMAGES (INCLUDING BUT NOT LIMITED TO
    39                           ; PROCUREMENT OF SUBSTITUTE GOODS OR SERVICES; LOSS OF USE, DATA OR PROFITS; OR BUSINESS
    40                           ; INTERRUPTION) HOWSOEVER CAUSED AND ON ANY THEORY OF LIABILITY, WHETHER IN CONTRACT, ST
      +                          RICT
    41                           ; LIABILITY, OR TORT (INCLUDING NEGLIGENCE OR OTHERWISE) ARISING IN ANY WAY OUT OF THE U
      +                          SE OF
    42                           ; THIS SOFTWARE, EVEN IF ADVISED OF THE POSSIBILITY OF SUCH DAMAGE.
    43                           ; 
    44                           ; 
    45                           ; Code-generator required, PIC16F877 Definitions
    46                           ; 
    47                           ; SFR Addresses
    48  0000                     	;# 
    49  0001                     	;# 
    50  0002                     	;# 
    51  0003                     	;# 
    52  0004                     	;# 
    53  0005                     	;# 
    54  0006                     	;# 
    55  0007                     	;# 
    56  0008                     	;# 
    57  0009                     	;# 
    58  000A                     	;# 
    59  000B                     	;# 
    60  000C                     	;# 
    61  000D                     	;# 
    62  000E                     	;# 
    63  000E                     	;# 
    64  000F                     	;# 
    65  0010                     	;# 
    66  0011                     	;# 
    67  0012                     	;# 
    68  0013                     	;# 
    69  0014                     	;# 
    70  0015                     	;# 
    71  0015                     	;# 
    72  0016                     	;# 
    73  0017                     	;# 
    74  0018                     	;# 
    75  0019                     	;# 
    76  001A                     	;# 
    77  001B                     	;# 
    78  001B                     	;# 
    79  001C                     	;# 
    80  001D                     	;# 
    81  001E                     	;# 
    82  001F                     	;# 
    83  0081                     	;# 
    84  0085                     	;# 
    85  0086                     	;# 
    86  0087                     	;# 
    87  0088                     	;# 
    88  0089                     	;# 
    89  008C                     	;# 
    90  008D                     	;# 
    91  008E                     	;# 
    92  0091                     	;# 
    93  0092                     	;# 
    94  0093                     	;# 
    95  0094                     	;# 
    96  0098                     	;# 
    97  0099                     	;# 
    98  009E                     	;# 
    99  009F                     	;# 
   100  010C                     	;# 
   101  010D                     	;# 
   102  010E                     	;# 
   103  010F                     	;# 
   104  018C                     	;# 
   105  018D                     	;# 
   106  000E                     _TMR1	set	14
   107  0006                     _PORTB	set	6
   108  0006                     _PORTBbits	set	6
   109  0005                     _PORTAbits	set	5
   110  0080                     _TMR1ON	set	128
   111  005E                     _PEIE	set	94
   112  005F                     _GIE	set	95
   113  0081                     _TMR1CS	set	129
   114  0083                     _T1OSCEN	set	131
   115  0085                     _T1CKPS1	set	133
   116  0084                     _T1CKPS0	set	132
   117  0028                     _RA0	set	40
   118  0060                     _TMR1IF	set	96
   119  0460                     _TMR1IE	set	1120
   120  0430                     _TRISB0	set	1072
   121  0428                     _TRISA0	set	1064
   122                           
   123                           ; #config settings
   124  0000                     
   125                           	psect	cinit
   126  0015                     start_initialization:	
   127  0015                     __initialization:	
   128  0015                     end_of_initialization:	
   129                           ;End of C runtime variable initialization code
   130                           
   131  0015                     __end_of__initialization:	
   132  0015  0183               	clrf	3
   133  0016  120A  118A  284C   	ljmp	_main	;jump to C main() function
   134                           
   135                           	psect	cstackCOMMON
   136  0070                     __pcstackCOMMON:	
   137  0070                     ?_TIM_CallBack:	
   138  0070                     ??_TIM_CallBack:	
   139                           ; 1 bytes @ 0x0
   140                           
   141  0070                     ?_timer1:	
   142                           ; 1 bytes @ 0x0
   143                           
   144  0070                     ?_Port_Init:	
   145                           ; 1 bytes @ 0x0
   146                           
   147  0070                     ?_Timer_Init:	
   148                           ; 1 bytes @ 0x0
   149                           
   150  0070                     ?_main:	
   151                           ; 1 bytes @ 0x0
   152                           
   153                           
   154                           ; 1 bytes @ 0x0
   155  0070                     	ds	1
   156  0071                     ??_timer1:	
   157                           
   158                           ; 1 bytes @ 0x1
   159  0071                     	ds	4
   160  0075                     ??_Port_Init:	
   161  0075                     ??_Timer_Init:	
   162                           ; 1 bytes @ 0x5
   163                           
   164  0075                     ??_main:	
   165                           ; 1 bytes @ 0x5
   166                           
   167                           
   168                           	psect	maintext
   169  004C                     __pmaintext:	
   170                           ; 1 bytes @ 0x5
   171 ;;
   172 ;;Main: autosize = 0, tempsize = 0, incstack = 0, save=0
   173 ;;
   174 ;; *************** function _main *****************
   175 ;; Defined at:
   176 ;;		line 124 in file "main.c"
   177 ;; Parameters:    Size  Location     Type
   178 ;;		None
   179 ;; Auto vars:     Size  Location     Type
   180 ;;		None
   181 ;; Return value:  Size  Location     Type
   182 ;;                  1    wreg      void 
   183 ;; Registers used:
   184 ;;		status,2, status,0, pclath, cstack
   185 ;; Tracked objects:
   186 ;;		On entry : B00/0
   187 ;;		On exit  : 0/0
   188 ;;		Unchanged: 0/0
   189 ;; Data sizes:     COMMON   BANK0   BANK1   BANK3   BANK2
   190 ;;      Params:         0       0       0       0       0
   191 ;;      Locals:         0       0       0       0       0
   192 ;;      Temps:          0       0       0       0       0
   193 ;;      Totals:         0       0       0       0       0
   194 ;;Total ram usage:        0 bytes
   195 ;; Hardware stack levels required when called:    3
   196 ;; This function calls:
   197 ;;		_Port_Init
   198 ;;		_Timer_Init
   199 ;; This function is called by:
   200 ;;		Startup code after reset
   201 ;; This function uses a non-reentrant model
   202 ;;
   203                           
   204                           
   205                           ;psect for function _main
   206  004C                     _main:	
   207                           
   208                           ;main.c: 126: Port_Init();
   209                           
   210                           ;incstack = 0
   211                           ; Regs used in _main: [status,2+status,0+pclath+cstack]
   212  004C  120A  118A  203F  120A  118A  	fcall	_Port_Init
   213                           
   214                           ;main.c: 127: Timer_Init();
   215  0051  120A  118A  202E  120A  118A  	fcall	_Timer_Init
   216  0056                     l64:	
   217                           ;main.c: 129: while(1)
   218                           
   219                           
   220                           ;main.c: 130: {
   221  0056  2856               	goto	l64
   222  0057                     __end_of_main:	
   223                           
   224                           	psect	text1
   225  002E                     __ptext1:	
   226 ;; *************** function _Timer_Init *****************
   227 ;; Defined at:
   228 ;;		line 71 in file "main.c"
   229 ;; Parameters:    Size  Location     Type
   230 ;;		None
   231 ;; Auto vars:     Size  Location     Type
   232 ;;		None
   233 ;; Return value:  Size  Location     Type
   234 ;;                  1    wreg      void 
   235 ;; Registers used:
   236 ;;		status,2
   237 ;; Tracked objects:
   238 ;;		On entry : 0/0
   239 ;;		On exit  : 0/0
   240 ;;		Unchanged: 0/0
   241 ;; Data sizes:     COMMON   BANK0   BANK1   BANK3   BANK2
   242 ;;      Params:         0       0       0       0       0
   243 ;;      Locals:         0       0       0       0       0
   244 ;;      Temps:          0       0       0       0       0
   245 ;;      Totals:         0       0       0       0       0
   246 ;;Total ram usage:        0 bytes
   247 ;; Hardware stack levels used:    1
   248 ;; Hardware stack levels required when called:    2
   249 ;; This function calls:
   250 ;;		Nothing
   251 ;; This function is called by:
   252 ;;		_main
   253 ;; This function uses a non-reentrant model
   254 ;;
   255                           
   256                           
   257                           ;psect for function _Timer_Init
   258  002E                     _Timer_Init:	
   259                           
   260                           ;main.c: 89: T1CKPS0=1;
   261                           
   262                           ;incstack = 0
   263                           ; Regs used in _Timer_Init: [status,2]
   264  002E  1283               	bcf	3,5	;RP0=0, select bank0
   265  002F  1303               	bcf	3,6	;RP1=0, select bank0
   266  0030  1610               	bsf	16,4	;volatile
   267                           
   268                           ;main.c: 90: T1CKPS1=1;
   269  0031  1690               	bsf	16,5	;volatile
   270                           
   271                           ;main.c: 94: T1OSCEN=1;
   272  0032  1590               	bsf	16,3	;volatile
   273                           
   274                           ;main.c: 95: TMR1CS=0;
   275  0033  1090               	bcf	16,1	;volatile
   276                           
   277                           ;main.c: 97: GIE=1;
   278  0034  178B               	bsf	11,7	;volatile
   279                           
   280                           ;main.c: 98: TMR1IE=1;
   281  0035  1683               	bsf	3,5	;RP0=1, select bank1
   282  0036  1303               	bcf	3,6	;RP1=0, select bank1
   283  0037  140C               	bsf	12,0	;volatile
   284                           
   285                           ;main.c: 99: PEIE=1;
   286  0038  170B               	bsf	11,6	;volatile
   287                           
   288                           ;main.c: 100: TMR1=0x0000;
   289  0039  1283               	bcf	3,5	;RP0=0, select bank0
   290  003A  1303               	bcf	3,6	;RP1=0, select bank0
   291  003B  018E               	clrf	14	;volatile
   292  003C  018F               	clrf	15	;volatile
   293                           
   294                           ;main.c: 103: TMR1ON=1;
   295  003D  1410               	bsf	16,0	;volatile
   296  003E  0008               	return
   297  003F                     __end_of_Timer_Init:	
   298                           
   299                           	psect	text2
   300  003F                     __ptext2:	
   301 ;; *************** function _Port_Init *****************
   302 ;; Defined at:
   303 ;;		line 33 in file "main.c"
   304 ;; Parameters:    Size  Location     Type
   305 ;;		None
   306 ;; Auto vars:     Size  Location     Type
   307 ;;		None
   308 ;; Return value:  Size  Location     Type
   309 ;;                  1    wreg      void 
   310 ;; Registers used:
   311 ;;		None
   312 ;; Tracked objects:
   313 ;;		On entry : 0/0
   314 ;;		On exit  : 0/0
   315 ;;		Unchanged: 0/0
   316 ;; Data sizes:     COMMON   BANK0   BANK1   BANK3   BANK2
   317 ;;      Params:         0       0       0       0       0
   318 ;;      Locals:         0       0       0       0       0
   319 ;;      Temps:          0       0       0       0       0
   320 ;;      Totals:         0       0       0       0       0
   321 ;;Total ram usage:        0 bytes
   322 ;; Hardware stack levels used:    1
   323 ;; Hardware stack levels required when called:    2
   324 ;; This function calls:
   325 ;;		Nothing
   326 ;; This function is called by:
   327 ;;		_main
   328 ;; This function uses a non-reentrant model
   329 ;;
   330                           
   331                           
   332                           ;psect for function _Port_Init
   333  003F                     _Port_Init:	
   334                           
   335                           ;main.c: 35: TRISA0=1;
   336                           
   337                           ;incstack = 0
   338                           ; Regs used in _Port_Init: []
   339  003F  1683               	bsf	3,5	;RP0=1, select bank1
   340  0040  1303               	bcf	3,6	;RP1=0, select bank1
   341  0041  1405               	bsf	5,0	;volatile
   342                           
   343                           ;main.c: 36: PORTAbits.RA0=0;
   344  0042  1283               	bcf	3,5	;RP0=0, select bank0
   345  0043  1303               	bcf	3,6	;RP1=0, select bank0
   346  0044  1005               	bcf	5,0	;volatile
   347                           
   348                           ;main.c: 38: TRISB0=0;
   349  0045  1683               	bsf	3,5	;RP0=1, select bank1
   350  0046  1303               	bcf	3,6	;RP1=0, select bank1
   351  0047  1006               	bcf	6,0	;volatile
   352                           
   353                           ;main.c: 39: PORTBbits.RB0=0;
   354  0048  1283               	bcf	3,5	;RP0=0, select bank0
   355  0049  1303               	bcf	3,6	;RP1=0, select bank0
   356  004A  1006               	bcf	6,0	;volatile
   357  004B  0008               	return
   358  004C                     __end_of_Port_Init:	
   359                           
   360                           	psect	text3
   361  0019                     __ptext3:	
   362 ;; *************** function _timer1 *****************
   363 ;; Defined at:
   364 ;;		line 23 in file "main.c"
   365 ;; Parameters:    Size  Location     Type
   366 ;;		None
   367 ;; Auto vars:     Size  Location     Type
   368 ;;		None
   369 ;; Return value:  Size  Location     Type
   370 ;;                  1    wreg      void 
   371 ;; Registers used:
   372 ;;		wreg, status,2, status,0, pclath, cstack
   373 ;; Tracked objects:
   374 ;;		On entry : 0/0
   375 ;;		On exit  : 0/0
   376 ;;		Unchanged: 0/0
   377 ;; Data sizes:     COMMON   BANK0   BANK1   BANK3   BANK2
   378 ;;      Params:         0       0       0       0       0
   379 ;;      Locals:         0       0       0       0       0
   380 ;;      Temps:          4       0       0       0       0
   381 ;;      Totals:         4       0       0       0       0
   382 ;;Total ram usage:        4 bytes
   383 ;; Hardware stack levels used:    1
   384 ;; Hardware stack levels required when called:    1
   385 ;; This function calls:
   386 ;;		_TIM_CallBack
   387 ;; This function is called by:
   388 ;;		Interrupt level 1
   389 ;; This function uses a non-reentrant model
   390 ;;
   391                           
   392                           
   393                           ;psect for function _timer1
   394  0019                     _timer1:	
   395                           
   396                           ;main.c: 25: TIM_CallBack();
   397  0019  120A  118A  2057  120A  118A  	fcall	_TIM_CallBack
   398                           
   399                           ;main.c: 26: TMR1=0x0000;
   400  001E  1283               	bcf	3,5	;RP0=0, select bank0
   401  001F  1303               	bcf	3,6	;RP1=0, select bank0
   402  0020  018E               	clrf	14	;volatile
   403  0021  018F               	clrf	15	;volatile
   404                           
   405                           ;main.c: 27: TMR1IF=0;
   406  0022  100C               	bcf	12,0	;volatile
   407  0023  0874               	movf	??_timer1+3,w
   408  0024  00FF               	movwf	127
   409  0025  0873               	movf	??_timer1+2,w
   410  0026  008A               	movwf	10
   411  0027  0872               	movf	??_timer1+1,w
   412  0028  0084               	movwf	4
   413  0029  0E71               	swapf	??_timer1^(0+-128),w
   414  002A  0083               	movwf	3
   415  002B  0EFE               	swapf	126,f
   416  002C  0E7E               	swapf	126,w
   417  002D  0009               	retfie
   418  002E                     __end_of_timer1:	
   419                           
   420                           	psect	intentry
   421  0004                     __pintentry:	
   422                           ;incstack = 0
   423                           ; Regs used in _timer1: [wreg+status,2+status,0+pclath+cstack]
   424                           
   425  0004                     interrupt_function:	
   426  007E                     saved_w	set	btemp
   427  0004  00FE               	movwf	btemp
   428  0005  0E03               	swapf	3,w
   429  0006  00F1               	movwf	??_timer1
   430  0007  0804               	movf	4,w
   431  0008  00F2               	movwf	??_timer1+1
   432  0009  080A               	movf	10,w
   433  000A  00F3               	movwf	??_timer1+2
   434  000B  1283               	bcf	3,5	;RP0=0, select bank0
   435  000C  1303               	bcf	3,6	;RP1=0, select bank0
   436  000D  087F               	movf	btemp+1,w
   437  000E  00F4               	movwf	??_timer1+3
   438  000F  120A  118A  2819   	ljmp	_timer1
   439                           
   440                           	psect	text4
   441  0057                     __ptext4:	
   442 ;; *************** function _TIM_CallBack *****************
   443 ;; Defined at:
   444 ;;		line 118 in file "main.c"
   445 ;; Parameters:    Size  Location     Type
   446 ;;		None
   447 ;; Auto vars:     Size  Location     Type
   448 ;;		None
   449 ;; Return value:  Size  Location     Type
   450 ;;                  1    wreg      void 
   451 ;; Registers used:
   452 ;;		wreg, status,2, status,0
   453 ;; Tracked objects:
   454 ;;		On entry : 0/0
   455 ;;		On exit  : 0/0
   456 ;;		Unchanged: 0/0
   457 ;; Data sizes:     COMMON   BANK0   BANK1   BANK3   BANK2
   458 ;;      Params:         0       0       0       0       0
   459 ;;      Locals:         0       0       0       0       0
   460 ;;      Temps:          1       0       0       0       0
   461 ;;      Totals:         1       0       0       0       0
   462 ;;Total ram usage:        1 bytes
   463 ;; Hardware stack levels used:    1
   464 ;; This function calls:
   465 ;;		Nothing
   466 ;; This function is called by:
   467 ;;		_timer1
   468 ;; This function uses a non-reentrant model
   469 ;;
   470                           
   471                           
   472                           ;psect for function _TIM_CallBack
   473  0057                     _TIM_CallBack:	
   474                           
   475                           ;main.c: 120: PORTB^=(1<<0);
   476                           
   477                           ;incstack = 0
   478                           ; Regs used in _TIM_CallBack: [wreg+status,2+status,0]
   479  0057  3001               	movlw	1
   480  0058  00F0               	movwf	??_TIM_CallBack
   481  0059  0870               	movf	??_TIM_CallBack,w
   482  005A  1283               	bcf	3,5	;RP0=0, select bank0
   483  005B  1303               	bcf	3,6	;RP1=0, select bank0
   484  005C  0686               	xorwf	6,f	;volatile
   485  005D  0008               	return
   486  005E                     __end_of_TIM_CallBack:	
   487  007E                     btemp	set	126	;btemp
   488  007E                     wtemp0	set	126


Data Sizes:
    Strings     0
    Constant    0
    Data        0
    BSS         0
    Persistent  0
    Stack       0

Auto Spaces:
    Space          Size  Autos    Used
    COMMON           14      5       5
    BANK0            80      0       0
    BANK1            80      0       0
    BANK3            96      0       0
    BANK2            96      0       0

Pointer List with Targets:

    None.

Critical Paths under _main in COMMON

    None.

Critical Paths under _timer1 in COMMON

    _timer1->_TIM_CallBack

Critical Paths under _main in BANK0

    None.

Critical Paths under _timer1 in BANK0

    None.

Critical Paths under _main in BANK1

    None.

Critical Paths under _timer1 in BANK1

    None.

Critical Paths under _main in BANK3

    None.

Critical Paths under _timer1 in BANK3

    None.

Critical Paths under _main in BANK2

    None.

Critical Paths under _timer1 in BANK2

    None.

Call Graph Tables:

 ---------------------------------------------------------------------------------
 (Depth) Function   	        Calls       Base Space   Used Autos Params    Refs
 ---------------------------------------------------------------------------------
 (0) _main                                                 0     0      0       0
                          _Port_Init
                         _Timer_Init
 ---------------------------------------------------------------------------------
 (1) _Timer_Init                                           0     0      0       0
 ---------------------------------------------------------------------------------
 (1) _Port_Init                                            0     0      0       0
 ---------------------------------------------------------------------------------
 Estimated maximum stack depth 1
 ---------------------------------------------------------------------------------
 (Depth) Function   	        Calls       Base Space   Used Autos Params    Refs
 ---------------------------------------------------------------------------------
 (2) _timer1                                               4     4      0       0
                                              1 COMMON     4     4      0
                       _TIM_CallBack
 ---------------------------------------------------------------------------------
 (3) _TIM_CallBack                                         1     1      0       0
                                              0 COMMON     1     1      0
 ---------------------------------------------------------------------------------
 Estimated maximum stack depth 3
 ---------------------------------------------------------------------------------

 Call Graph Graphs:

 _main (ROOT)
   _Port_Init
   _Timer_Init

 _timer1 (ROOT)
   _TIM_CallBack

 Address spaces:
Name               Size   Autos  Total    Cost      Usage
BITCOMMON            E      0       0       0        0.0%
EEDATA             100      0       0       0        0.0%
NULL                 0      0       0       0        0.0%
CODE                 0      0       0       0        0.0%
COMMON               E      5       5       1       35.7%
BITSFR0              0      0       0       1        0.0%
SFR0                 0      0       0       1        0.0%
BITSFR1              0      0       0       2        0.0%
SFR1                 0      0       0       2        0.0%
STACK                0      0       0       2        0.0%
ABS                  0      0       0       3        0.0%
BITBANK0            50      0       0       4        0.0%
BITSFR3              0      0       0       4        0.0%
SFR3                 0      0       0       4        0.0%
BANK0               50      0       0       5        0.0%
BITSFR2              0      0       0       5        0.0%
SFR2                 0      0       0       5        0.0%
BITBANK1            50      0       0       6        0.0%
BANK1               50      0       0       7        0.0%
BITBANK3            60      0       0       8        0.0%
BANK3               60      0       0       9        0.0%
BITBANK2            60      0       0      10        0.0%
BANK2               60      0       0      11        0.0%
DATA                 0      0       0      12        0.0%


Microchip Technology PIC Macro Assembler V1.44 build -154322312 
Symbol Table                                                                                   Sun Feb 18 20:39:23 2018

            __CFG_CP$OFF 0000                       l64 0056                      _GIE 005F  
                    _RA0 0028             __CFG_CPD$OFF 0000                      fsr0 0004  
           __CFG_FOSC$XT 0000             __CFG_LVP$OFF 0000                     _PEIE 005E  
                   _TMR1 000E             __CFG_WRT$OFF 0000                     _main 004C  
                   btemp 007E                     start 0012                    ?_main 0070  
          __CFG_WDTE$OFF 0000                    _PORTB 0006           __CFG_BOREN$OFF 0000  
                  pclath 000A                    status 0003                    wtemp0 007E  
        __initialization 0015             __end_of_main 0057                   ??_main 0075  
                 _TMR1IE 0460                   _TMR1IF 0060                   _TMR1CS 0081  
                 _TMR1ON 0080                   _TRISA0 0428                   _TRISB0 0430  
         __CFG_PWRTE$OFF 0000               _Timer_Init 002E                   _timer1 0019  
     __size_of_Port_Init 000D                   saved_w 007E  __end_of__initialization 0015  
         __pcstackCOMMON 0070        __end_of_Port_Init 004C               __pmaintext 004C  
             __pintentry 0004              ?_Timer_Init 0070                  ?_timer1 0070  
                _T1CKPS0 0084                  _T1CKPS1 0085                  _T1OSCEN 0083  
                __ptext1 002E                  __ptext2 003F                  __ptext3 0019  
                __ptext4 0057          __size_of_timer1 0015     end_of_initialization 0015  
    __size_of_Timer_Init 0011            ?_TIM_CallBack 0070                _PORTAbits 0005  
              _PORTBbits 0006           ??_TIM_CallBack 0070           __end_of_timer1 002E  
    start_initialization 0015                _Port_Init 003F             ??_Timer_Init 0075  
               ??_timer1 0071                ___latbits 0002       __end_of_Timer_Init 003F  
             ?_Port_Init 0070     __end_of_TIM_CallBack 005E        interrupt_function 0004  
            ??_Port_Init 0075            __size_of_main 000B    __size_of_TIM_CallBack 0007  
               intlevel1 0000             _TIM_CallBack 0057  
