

Microchip Technology PIC LITE Macro Assembler V1.37 build -260352376 
                                                                                               Sun Dec 17 13:25:55 2017

Microchip Technology Omniscient Code Generator v1.37 (Free mode) build 201603110536
     1                           	processor	16F84A
     2                           	opt	pw 120
     3                           	opt	lm
     4                           	psect	cinit,global,class=CODE,merge=1,delta=2
     5                           	psect	cstackCOMMON,global,class=COMMON,space=1,delta=1
     6                           	psect	cstackBANK0,global,class=BANK0,space=1,delta=1
     7                           	psect	maintext,global,class=CODE,split=1,delta=2
     8                           	psect	text1,local,class=CODE,merge=1,delta=2
     9                           	psect	text2,local,class=CODE,merge=1,delta=2
    10                           	dabs	1,0x4E,2
    11  0000                     	;# 
    12  0001                     	;# 
    13  0002                     	;# 
    14  0003                     	;# 
    15  0004                     	;# 
    16  0005                     	;# 
    17  0006                     	;# 
    18  0008                     	;# 
    19  0009                     	;# 
    20  000A                     	;# 
    21  000B                     	;# 
    22  0081                     	;# 
    23  0085                     	;# 
    24  0086                     	;# 
    25  0088                     	;# 
    26  0089                     	;# 
    27  0005                     _PORTAbits	set	5
    28  0006                     _PORTBbits	set	6
    29  002A                     _RA2	set	42
    30  0085                     _TRISA	set	133
    31  0086                     _TRISB	set	134
    32                           
    33                           ; #config settings
    34  0000                     
    35                           	psect	cinit
    36  03FE                     start_initialization:	
    37  03FE                     __initialization:	
    38  03FE                     end_of_initialization:	
    39                           ;End of C runtime variable initialization code
    40                           
    41  03FE                     __end_of__initialization:	
    42  03FE  0183               	clrf	3
    43  03FF  2B4C               	ljmp	_main	;jump to C main() function
    44                           
    45                           	psect	cstackCOMMON
    46  0000                     __pcstackCOMMON:	
    47  0000                     ??_check_Button:	
    48                           
    49                           	psect	cstackBANK0
    50  000C                     __pcstackBANK0:	
    51                           ; 1 bytes @ 0x0
    52                           
    53  000C                     ?_Port_Init:	
    54  000C                     ??_Port_Init:	
    55                           ; 1 bytes @ 0x0
    56                           
    57  000C                     ?_check_Button:	
    58                           ; 1 bytes @ 0x0
    59                           
    60  000C                     ?_main:	
    61                           ; 1 bytes @ 0x0
    62                           
    63  000C                     check_Button@butcount:	
    64                           ; 1 bytes @ 0x0
    65                           
    66                           
    67                           ; 2 bytes @ 0x0
    68  000C                     	ds	2
    69  000E                     check_Button@result:	
    70                           
    71                           ; 1 bytes @ 0x2
    72  000E                     	ds	1
    73  000F                     ??_main:	
    74                           
    75                           ; 1 bytes @ 0x3
    76  000F                     	ds	3
    77                           
    78                           	psect	maintext
    79  034C                     __pmaintext:	
    80 ;;
    81 ;;Main: autosize = 0, tempsize = 3, incstack = 0, save=0
    82 ;;
    83 ;; *************** function _main *****************
    84 ;; Defined at:
    85 ;;		line 75 in file "main.c"
    86 ;; Parameters:    Size  Location     Type
    87 ;;		None
    88 ;; Auto vars:     Size  Location     Type
    89 ;;		None
    90 ;; Return value:  Size  Location     Type
    91 ;;                  1    wreg      void 
    92 ;; Registers used:
    93 ;;		wreg, status,2, status,0, pclath, cstack
    94 ;; Tracked objects:
    95 ;;		On entry : B00/0
    96 ;;		On exit  : 0/0
    97 ;;		Unchanged: 0/0
    98 ;; Data sizes:     COMMON   BANK0
    99 ;;      Params:         0       0
   100 ;;      Locals:         0       0
   101 ;;      Temps:          0       3
   102 ;;      Totals:         0       3
   103 ;;Total ram usage:        3 bytes
   104 ;; Hardware stack levels required when called:    1
   105 ;; This function calls:
   106 ;;		_Port_Init
   107 ;;		_check_Button
   108 ;; This function is called by:
   109 ;;		Startup code after reset
   110 ;; This function uses a non-reentrant model
   111 ;;
   112                           
   113                           
   114                           ;psect for function _main
   115  034C                     _main:	
   116                           
   117                           ;main.c: 77: Port_Init();
   118                           
   119                           ;incstack = 0
   120                           ; Regs used in _main: [wreg+status,2+status,0+pclath+cstack]
   121  034C  2320               	fcall	_Port_Init
   122  034D  2BEE               	goto	l609
   123  034E                     l611:	
   124                           
   125                           ;main.c: 81: {
   126                           ;main.c: 82: PORTBbits.RB0=1;
   127  034E  1283               	bcf	3,5	;RP0=0, select bank0
   128  034F  1406               	bsf	6,0	;volatile
   129                           
   130                           ;main.c: 83: PORTAbits.RA1=0;
   131  0350  1085               	bcf	5,1	;volatile
   132                           
   133                           ;main.c: 84: _delay((unsigned long)((450)*(4000000/4000.0)));
   134  0351  3003               	movlw	3
   135  0352  0091               	movwf	??_main+2
   136  0353  3049               	movlw	73
   137  0354  0090               	movwf	??_main+1
   138  0355  3067               	movlw	103
   139  0356  008F               	movwf	??_main
   140  0357                     u77:	
   141  0357  0B8F               	decfsz	??_main,f
   142  0358  2B57               	goto	u77
   143  0359  0B90               	decfsz	??_main+1,f
   144  035A  2B57               	goto	u77
   145  035B  0B91               	decfsz	??_main+2,f
   146  035C  2B57               	goto	u77
   147  035D  0000               	nop
   148                           
   149                           ;main.c: 87: PORTBbits.RB1=1;
   150  035E  1283               	bcf	3,5	;RP0=0, select bank0
   151  035F  1486               	bsf	6,1	;volatile
   152                           
   153                           ;main.c: 88: PORTBbits.RB0=0;
   154  0360  1006               	bcf	6,0	;volatile
   155                           
   156                           ;main.c: 89: _delay((unsigned long)((450)*(4000000/4000.0)));
   157  0361  3003               	movlw	3
   158  0362  0091               	movwf	??_main+2
   159  0363  3049               	movlw	73
   160  0364  0090               	movwf	??_main+1
   161  0365  3067               	movlw	103
   162  0366  008F               	movwf	??_main
   163  0367                     u87:	
   164  0367  0B8F               	decfsz	??_main,f
   165  0368  2B67               	goto	u87
   166  0369  0B90               	decfsz	??_main+1,f
   167  036A  2B67               	goto	u87
   168  036B  0B91               	decfsz	??_main+2,f
   169  036C  2B67               	goto	u87
   170  036D  0000               	nop
   171                           
   172                           ;main.c: 93: PORTBbits.RB2=1;
   173  036E  1283               	bcf	3,5	;RP0=0, select bank0
   174  036F  1506               	bsf	6,2	;volatile
   175                           
   176                           ;main.c: 94: PORTBbits.RB1=0;
   177  0370  1086               	bcf	6,1	;volatile
   178                           
   179                           ;main.c: 95: _delay((unsigned long)((450)*(4000000/4000.0)));
   180  0371  3003               	movlw	3
   181  0372  0091               	movwf	??_main+2
   182  0373  3049               	movlw	73
   183  0374  0090               	movwf	??_main+1
   184  0375  3067               	movlw	103
   185  0376  008F               	movwf	??_main
   186  0377                     u97:	
   187  0377  0B8F               	decfsz	??_main,f
   188  0378  2B77               	goto	u97
   189  0379  0B90               	decfsz	??_main+1,f
   190  037A  2B77               	goto	u97
   191  037B  0B91               	decfsz	??_main+2,f
   192  037C  2B77               	goto	u97
   193  037D  0000               	nop
   194                           
   195                           ;main.c: 97: PORTBbits.RB3=1;
   196  037E  1283               	bcf	3,5	;RP0=0, select bank0
   197  037F  1586               	bsf	6,3	;volatile
   198                           
   199                           ;main.c: 98: PORTBbits.RB2=0;
   200  0380  1106               	bcf	6,2	;volatile
   201                           
   202                           ;main.c: 99: _delay((unsigned long)((450)*(4000000/4000.0)));
   203  0381  3003               	movlw	3
   204  0382  0091               	movwf	??_main+2
   205  0383  3049               	movlw	73
   206  0384  0090               	movwf	??_main+1
   207  0385  3067               	movlw	103
   208  0386  008F               	movwf	??_main
   209  0387                     u107:	
   210  0387  0B8F               	decfsz	??_main,f
   211  0388  2B87               	goto	u107
   212  0389  0B90               	decfsz	??_main+1,f
   213  038A  2B87               	goto	u107
   214  038B  0B91               	decfsz	??_main+2,f
   215  038C  2B87               	goto	u107
   216  038D  0000               	nop
   217                           
   218                           ;main.c: 103: PORTBbits.RB4=1;
   219  038E  1283               	bcf	3,5	;RP0=0, select bank0
   220  038F  1606               	bsf	6,4	;volatile
   221                           
   222                           ;main.c: 104: PORTBbits.RB3=0;
   223  0390  1186               	bcf	6,3	;volatile
   224                           
   225                           ;main.c: 105: _delay((unsigned long)((450)*(4000000/4000.0)));
   226  0391  3003               	movlw	3
   227  0392  0091               	movwf	??_main+2
   228  0393  3049               	movlw	73
   229  0394  0090               	movwf	??_main+1
   230  0395  3067               	movlw	103
   231  0396  008F               	movwf	??_main
   232  0397                     u117:	
   233  0397  0B8F               	decfsz	??_main,f
   234  0398  2B97               	goto	u117
   235  0399  0B90               	decfsz	??_main+1,f
   236  039A  2B97               	goto	u117
   237  039B  0B91               	decfsz	??_main+2,f
   238  039C  2B97               	goto	u117
   239  039D  0000               	nop
   240                           
   241                           ;main.c: 108: PORTBbits.RB5=1;
   242  039E  1283               	bcf	3,5	;RP0=0, select bank0
   243  039F  1686               	bsf	6,5	;volatile
   244                           
   245                           ;main.c: 109: PORTBbits.RB4=0;
   246  03A0  1206               	bcf	6,4	;volatile
   247                           
   248                           ;main.c: 110: _delay((unsigned long)((450)*(4000000/4000.0)));
   249  03A1  3003               	movlw	3
   250  03A2  0091               	movwf	??_main+2
   251  03A3  3049               	movlw	73
   252  03A4  0090               	movwf	??_main+1
   253  03A5  3067               	movlw	103
   254  03A6  008F               	movwf	??_main
   255  03A7                     u127:	
   256  03A7  0B8F               	decfsz	??_main,f
   257  03A8  2BA7               	goto	u127
   258  03A9  0B90               	decfsz	??_main+1,f
   259  03AA  2BA7               	goto	u127
   260  03AB  0B91               	decfsz	??_main+2,f
   261  03AC  2BA7               	goto	u127
   262  03AD  0000               	nop
   263                           
   264                           ;main.c: 114: PORTBbits.RB6=1;
   265  03AE  1283               	bcf	3,5	;RP0=0, select bank0
   266  03AF  1706               	bsf	6,6	;volatile
   267                           
   268                           ;main.c: 115: PORTBbits.RB5=0;
   269  03B0  1286               	bcf	6,5	;volatile
   270                           
   271                           ;main.c: 116: _delay((unsigned long)((450)*(4000000/4000.0)));
   272  03B1  3003               	movlw	3
   273  03B2  0091               	movwf	??_main+2
   274  03B3  3049               	movlw	73
   275  03B4  0090               	movwf	??_main+1
   276  03B5  3067               	movlw	103
   277  03B6  008F               	movwf	??_main
   278  03B7                     u137:	
   279  03B7  0B8F               	decfsz	??_main,f
   280  03B8  2BB7               	goto	u137
   281  03B9  0B90               	decfsz	??_main+1,f
   282  03BA  2BB7               	goto	u137
   283  03BB  0B91               	decfsz	??_main+2,f
   284  03BC  2BB7               	goto	u137
   285  03BD  0000               	nop
   286                           
   287                           ;main.c: 119: PORTBbits.RB7=1;
   288  03BE  1283               	bcf	3,5	;RP0=0, select bank0
   289  03BF  1786               	bsf	6,7	;volatile
   290                           
   291                           ;main.c: 120: PORTBbits.RB6=0;
   292  03C0  1306               	bcf	6,6	;volatile
   293                           
   294                           ;main.c: 121: _delay((unsigned long)((450)*(4000000/4000.0)));
   295  03C1  3003               	movlw	3
   296  03C2  0091               	movwf	??_main+2
   297  03C3  3049               	movlw	73
   298  03C4  0090               	movwf	??_main+1
   299  03C5  3067               	movlw	103
   300  03C6  008F               	movwf	??_main
   301  03C7                     u147:	
   302  03C7  0B8F               	decfsz	??_main,f
   303  03C8  2BC7               	goto	u147
   304  03C9  0B90               	decfsz	??_main+1,f
   305  03CA  2BC7               	goto	u147
   306  03CB  0B91               	decfsz	??_main+2,f
   307  03CC  2BC7               	goto	u147
   308  03CD  0000               	nop
   309                           
   310                           ;main.c: 126: PORTAbits.RA0=1;
   311  03CE  1283               	bcf	3,5	;RP0=0, select bank0
   312  03CF  1405               	bsf	5,0	;volatile
   313                           
   314                           ;main.c: 127: PORTBbits.RB7=0;
   315  03D0  1386               	bcf	6,7	;volatile
   316                           
   317                           ;main.c: 128: _delay((unsigned long)((450)*(4000000/4000.0)));
   318  03D1  3003               	movlw	3
   319  03D2  0091               	movwf	??_main+2
   320  03D3  3049               	movlw	73
   321  03D4  0090               	movwf	??_main+1
   322  03D5  3067               	movlw	103
   323  03D6  008F               	movwf	??_main
   324  03D7                     u157:	
   325  03D7  0B8F               	decfsz	??_main,f
   326  03D8  2BD7               	goto	u157
   327  03D9  0B90               	decfsz	??_main+1,f
   328  03DA  2BD7               	goto	u157
   329  03DB  0B91               	decfsz	??_main+2,f
   330  03DC  2BD7               	goto	u157
   331  03DD  0000               	nop
   332                           
   333                           ;main.c: 131: PORTAbits.RA1=1;
   334  03DE  1283               	bcf	3,5	;RP0=0, select bank0
   335  03DF  1485               	bsf	5,1	;volatile
   336                           
   337                           ;main.c: 132: PORTAbits.RA0=0;
   338  03E0  1005               	bcf	5,0	;volatile
   339                           
   340                           ;main.c: 133: _delay((unsigned long)((450)*(4000000/4000.0)));
   341  03E1  3003               	movlw	3
   342  03E2  0091               	movwf	??_main+2
   343  03E3  3049               	movlw	73
   344  03E4  0090               	movwf	??_main+1
   345  03E5  3067               	movlw	103
   346  03E6  008F               	movwf	??_main
   347  03E7                     u167:	
   348  03E7  0B8F               	decfsz	??_main,f
   349  03E8  2BE7               	goto	u167
   350  03E9  0B90               	decfsz	??_main+1,f
   351  03EA  2BE7               	goto	u167
   352  03EB  0B91               	decfsz	??_main+2,f
   353  03EC  2BE7               	goto	u167
   354  03ED  0000               	nop
   355  03EE                     l609:	
   356                           ;main.c: 78: while(1)
   357                           
   358                           ;main.c: 134: }
   359                           
   360                           
   361                           ;main.c: 79: {
   362                           ;main.c: 80: if(check_Button()==1)
   363  03EE  2334               	fcall	_check_Button
   364  03EF  3A01               	xorlw	1
   365  03F0  1903               	btfsc	3,2
   366  03F1  2B4E               	goto	l611
   367                           
   368                           ;main.c: 135: else
   369                           ;main.c: 136: {
   370                           ;main.c: 137: PORTAbits.RA0=0;
   371  03F2  1283               	bcf	3,5	;RP0=0, select bank0
   372  03F3  1005               	bcf	5,0	;volatile
   373                           
   374                           ;main.c: 138: PORTAbits.RA1=0;
   375  03F4  1085               	bcf	5,1	;volatile
   376                           
   377                           ;main.c: 141: PORTBbits.RB0=0;
   378  03F5  1006               	bcf	6,0	;volatile
   379                           
   380                           ;main.c: 142: PORTBbits.RB1=0;
   381  03F6  1086               	bcf	6,1	;volatile
   382                           
   383                           ;main.c: 143: PORTBbits.RB2=0;
   384  03F7  1106               	bcf	6,2	;volatile
   385                           
   386                           ;main.c: 144: PORTBbits.RB3=0;
   387  03F8  1186               	bcf	6,3	;volatile
   388                           
   389                           ;main.c: 145: PORTBbits.RB4=0;
   390  03F9  1206               	bcf	6,4	;volatile
   391                           
   392                           ;main.c: 146: PORTBbits.RB5=0;
   393  03FA  1286               	bcf	6,5	;volatile
   394                           
   395                           ;main.c: 147: PORTBbits.RB6=0;
   396  03FB  1306               	bcf	6,6	;volatile
   397                           
   398                           ;main.c: 148: PORTBbits.RB7=0;
   399  03FC  1386               	bcf	6,7	;volatile
   400  03FD  2BEE               	goto	l609
   401  03FE                     __end_of_main:	
   402                           
   403                           	psect	text1
   404  0334                     __ptext1:	
   405 ;; *************** function _check_Button *****************
   406 ;; Defined at:
   407 ;;		line 54 in file "main.c"
   408 ;; Parameters:    Size  Location     Type
   409 ;;		None
   410 ;; Auto vars:     Size  Location     Type
   411 ;;  butcount        2    0[BANK0 ] unsigned int 
   412 ;;  result          1    2[BANK0 ] unsigned char 
   413 ;; Return value:  Size  Location     Type
   414 ;;                  1    wreg      unsigned char 
   415 ;; Registers used:
   416 ;;		wreg, status,2
   417 ;; Tracked objects:
   418 ;;		On entry : 0/0
   419 ;;		On exit  : 0/0
   420 ;;		Unchanged: 0/0
   421 ;; Data sizes:     COMMON   BANK0
   422 ;;      Params:         0       0
   423 ;;      Locals:         0       3
   424 ;;      Temps:          0       0
   425 ;;      Totals:         0       3
   426 ;;Total ram usage:        3 bytes
   427 ;; Hardware stack levels used:    1
   428 ;; This function calls:
   429 ;;		Nothing
   430 ;; This function is called by:
   431 ;;		_main
   432 ;; This function uses a non-reentrant model
   433 ;;
   434                           
   435                           
   436                           ;psect for function _check_Button
   437  0334                     _check_Button:	
   438                           
   439                           ;main.c: 56: unsigned char result=0;
   440                           
   441                           ;incstack = 0
   442                           ; Regs used in _check_Button: [wreg+status,2]
   443  0334  1283               	bcf	3,5	;RP0=0, select bank0
   444  0335  018E               	clrf	check_Button@result
   445                           
   446                           ;main.c: 57: unsigned int butcount=0;
   447  0336  018C               	clrf	check_Button@butcount
   448  0337  018D               	clrf	check_Button@butcount+1
   449  0338                     l18:	
   450                           ;main.c: 59: while(!RA2)
   451                           
   452  0338  1905               	btfsc	5,2	;volatile
   453  0339  2B4A               	goto	l603
   454                           
   455                           ;main.c: 60: {
   456                           ;main.c: 61: if(butcount<10000)
   457  033A  3027               	movlw	39
   458  033B  020D               	subwf	check_Button@butcount+1,w
   459  033C  3010               	movlw	16
   460  033D  1903               	skipnz
   461  033E  020C               	subwf	check_Button@butcount,w
   462  033F  1803               	skipnc
   463  0340  2B48               	goto	l20
   464                           
   465                           ;main.c: 62: {
   466                           ;main.c: 63: butcount++;
   467  0341  3001               	movlw	1
   468  0342  078C               	addwf	check_Button@butcount,f
   469  0343  1803               	skipnc
   470  0344  0A8D               	incf	check_Button@butcount+1,f
   471  0345  3000               	movlw	0
   472  0346  078D               	addwf	check_Button@butcount+1,f
   473                           
   474                           ;main.c: 64: }
   475  0347  2B38               	goto	l18
   476  0348                     l20:	
   477                           
   478                           ;main.c: 65: else
   479                           ;main.c: 66: {
   480                           ;main.c: 67: result=1;
   481  0348  018E               	clrf	check_Button@result
   482  0349  0A8E               	incf	check_Button@result,f
   483  034A                     l603:	
   484                           ;main.c: 68: break;
   485                           
   486                           
   487                           ;main.c: 69: }
   488                           ;main.c: 70: }
   489                           ;main.c: 72: return result;
   490  034A  080E               	movf	check_Button@result,w
   491  034B  0008               	return
   492  034C                     __end_of_check_Button:	
   493                           
   494                           	psect	text2
   495  0320                     __ptext2:	
   496 ;; *************** function _Port_Init *****************
   497 ;; Defined at:
   498 ;;		line 32 in file "main.c"
   499 ;; Parameters:    Size  Location     Type
   500 ;;		None
   501 ;; Auto vars:     Size  Location     Type
   502 ;;		None
   503 ;; Return value:  Size  Location     Type
   504 ;;                  1    wreg      void 
   505 ;; Registers used:
   506 ;;		wreg, status,2, status,0
   507 ;; Tracked objects:
   508 ;;		On entry : 0/0
   509 ;;		On exit  : 0/0
   510 ;;		Unchanged: 0/0
   511 ;; Data sizes:     COMMON   BANK0
   512 ;;      Params:         0       0
   513 ;;      Locals:         0       0
   514 ;;      Temps:          0       1
   515 ;;      Totals:         0       1
   516 ;;Total ram usage:        1 bytes
   517 ;; Hardware stack levels used:    1
   518 ;; This function calls:
   519 ;;		Nothing
   520 ;; This function is called by:
   521 ;;		_main
   522 ;; This function uses a non-reentrant model
   523 ;;
   524                           
   525                           
   526                           ;psect for function _Port_Init
   527  0320                     _Port_Init:	
   528                           
   529                           ;main.c: 34: TRISA&=~((1<<0)|(1<<1));
   530                           
   531                           ;incstack = 0
   532                           ; Regs used in _Port_Init: [wreg+status,2+status,0]
   533  0320  30FC               	movlw	252
   534  0321  1283               	bcf	3,5	;RP0=0, select bank0
   535  0322  008C               	movwf	??_Port_Init
   536  0323  080C               	movf	??_Port_Init,w
   537  0324  1683               	bsf	3,5	;RP0=1, select bank1
   538  0325  0585               	andwf	5,f	;volatile
   539                           
   540                           ;main.c: 35: TRISA|=(1<<2);
   541  0326  1505               	bsf	5,2	;volatile
   542                           
   543                           ;main.c: 37: TRISB=0x00;
   544  0327  0186               	clrf	6	;volatile
   545                           
   546                           ;main.c: 38: PORTAbits.RA0=0;
   547  0328  1283               	bcf	3,5	;RP0=0, select bank0
   548  0329  1005               	bcf	5,0	;volatile
   549                           
   550                           ;main.c: 39: PORTAbits.RA1=0;
   551  032A  1085               	bcf	5,1	;volatile
   552                           
   553                           ;main.c: 42: PORTBbits.RB0=0;
   554  032B  1006               	bcf	6,0	;volatile
   555                           
   556                           ;main.c: 43: PORTBbits.RB1=0;
   557  032C  1086               	bcf	6,1	;volatile
   558                           
   559                           ;main.c: 44: PORTBbits.RB2=0;
   560  032D  1106               	bcf	6,2	;volatile
   561                           
   562                           ;main.c: 45: PORTBbits.RB3=0;
   563  032E  1186               	bcf	6,3	;volatile
   564                           
   565                           ;main.c: 46: PORTBbits.RB4=0;
   566  032F  1206               	bcf	6,4	;volatile
   567                           
   568                           ;main.c: 47: PORTBbits.RB5=0;
   569  0330  1286               	bcf	6,5	;volatile
   570                           
   571                           ;main.c: 48: PORTBbits.RB6=0;
   572  0331  1306               	bcf	6,6	;volatile
   573                           
   574                           ;main.c: 49: PORTBbits.RB7=0;
   575  0332  1386               	bcf	6,7	;volatile
   576  0333  0008               	return
   577  0334                     __end_of_Port_Init:	
   578  004E                     btemp	set	78	;btemp
   579  004E                     wtemp	set	78
   580  004E                     wtemp0	set	78
   581  0050                     wtemp1	set	80
   582  0052                     wtemp2	set	82
   583  0054                     wtemp3	set	84
   584  0056                     wtemp4	set	86
   585  0058                     wtemp5	set	88
   586  004F                     wtemp6	set	79
   587  004E                     ttemp	set	78
   588  004E                     ttemp0	set	78
   589  0051                     ttemp1	set	81
   590  0054                     ttemp2	set	84
   591  0057                     ttemp3	set	87
   592  004F                     ttemp4	set	79
   593  004E                     ltemp	set	78
   594  004E                     ltemp0	set	78
   595  0052                     ltemp1	set	82
   596  0056                     ltemp2	set	86
   597  0050                     ltemp3	set	80


Data Sizes:
    Strings     0
    Constant    0
    Data        0
    BSS         0
    Persistent  0
    Stack       0

Auto Spaces:
    Space          Size  Autos    Used
    COMMON            0      0       0
    BANK0            66      6       6

Pointer List with Targets:

    None.

Critical Paths under _main in COMMON

    None.

Critical Paths under _main in BANK0

    _main->_check_Button

Call Graph Tables:

 ---------------------------------------------------------------------------------
 (Depth) Function   	        Calls       Base Space   Used Autos Params    Refs
 ---------------------------------------------------------------------------------
 (0) _main                                                 3     3      0      48
                                              3 BANK0      3     3      0
                          _Port_Init
                       _check_Button
 ---------------------------------------------------------------------------------
 (1) _check_Button                                         3     3      0      48
                                              0 BANK0      3     3      0
 ---------------------------------------------------------------------------------
 (1) _Port_Init                                            1     1      0       0
                                              0 BANK0      1     1      0
 ---------------------------------------------------------------------------------
 Estimated maximum stack depth 1
 ---------------------------------------------------------------------------------

 Call Graph Graphs:

 _main (ROOT)
   _Port_Init
   _check_Button

 Address spaces:
Name               Size   Autos  Total    Cost      Usage
BITCOMMON            0      0       0       0        0.0%
EEDATA              40      0       0       0        0.0%
NULL                 0      0       0       0        0.0%
CODE                 0      0       0       0        0.0%
BITSFR0              0      0       0       1        0.0%
SFR0                 0      0       0       1        0.0%
COMMON               0      0       0       1        0.0%
BITSFR1              0      0       0       2        0.0%
SFR1                 0      0       0       2        0.0%
STACK                0      0       0       2        0.0%
BANK0               42      6       6       3        9.1%
ABS                  0      0       0       4        0.0%
BITBANK0            42      0       0       5        0.0%
DATA                 0      0       0       6        0.0%


Microchip Technology PIC Macro Assembler V1.37 build -260352376 
Symbol Table                                                                                   Sun Dec 17 13:25:55 2017

   __end_of_check_Button 034C     check_Button@butcount 000C              __CFG_CP$OFF 0000  
                     l20 0348                       l18 0338                       u77 0357  
                     u87 0367                       u97 0377                      l603 034A  
                    l611 034E                      l609 03EE                      _RA2 002A  
                    u107 0387                      u117 0397                      u127 03A7  
                    u137 03B7                      u147 03C7                      u157 03D7  
                    u167 03E7             __CFG_FOSC$HS 0000                     _main 034C  
                   btemp 004E                     ltemp 004E                     start 0000  
                   ttemp 004E                     wtemp 004E                    ?_main 000C  
          __CFG_WDTE$OFF 0000                    _TRISA 0085                    _TRISB 0086  
          __CFG_PWRTE$ON 0000                    ltemp0 004E                    ltemp1 0052  
                  ltemp2 0056                    ltemp3 0050                    ttemp0 004E  
                  ttemp1 0051                    ttemp2 0054                    ttemp3 0057  
                  ttemp4 004F                    status 0003                    wtemp0 004E  
                  wtemp1 0050                    wtemp2 0052                    wtemp3 0054  
                  wtemp4 0056                    wtemp5 0058                    wtemp6 004F  
        __initialization 03FE             __end_of_main 03FE                   ??_main 000F  
  __size_of_check_Button 0018       __size_of_Port_Init 0014             _check_Button 0334  
__end_of__initialization 03FE           __pcstackCOMMON 0000        __end_of_Port_Init 0334  
             __pmaintext 034C                  __ptext1 0334                  __ptext2 0320  
   end_of_initialization 03FE                _PORTAbits 0005                _PORTBbits 0006  
     check_Button@result 000E      start_initialization 03FE                _Port_Init 0320  
              ___latbits 0000            __pcstackBANK0 000C               ?_Port_Init 000C  
          ?_check_Button 000C              ??_Port_Init 000C           ??_check_Button 0000  
          __size_of_main 00B2  
